# JRE version: Java(TM) SE Runtime Environment (8.0_91-b14) (build 1.8.0_91-b14)
# Java VM: Java HotSpot(TM) 64-Bit Server VM (25.91-b14 mixed mode linux-amd64 compressed oops)
Heap:
 PSYoungGen      total 189440K, used 172936K [0x00000000eab00000, 0x00000000fdb00000, 0x0000000100000000)
  eden space 164352K, 100% used [0x00000000eab00000,0x00000000f4b80000,0x00000000f4b80000)
  from space 25088K, 34% used [0x00000000f8380000,0x00000000f8be2028,0x00000000f9c00000)
  to   space 57344K, 0% used [0x00000000f4b80000,0x00000000f4b80000,0x00000000f8380000)
 ParOldGen       total 166400K, used 85832K [0x00000000c0000000, 0x00000000ca280000, 0x00000000eab00000)
  object space 166400K, 51% used [0x00000000c0000000,0x00000000c53d20f8,0x00000000ca280000)
 Metaspace       used 6160K, capacity 7064K, committed 7424K, reserved 1056768K
  class space    used 609K, capacity 656K, committed 768K, reserved 1048576K
GC Heap History (10 events):
Event: 5.582 GC heap after
Heap after GC invocations=3 (full 0):
 PSYoungGen      total 52736K, used 3552K [0x00000000eab00000, 0x00000000f1200000, 0x0000000100000000)
  eden space 49152K, 0% used [0x00000000eab00000,0x00000000eab00000,0x00000000edb00000)
  from space 3584K, 99% used [0x00000000edb00000,0x00000000ede78030,0x00000000ede80000)
  to   space 3584K, 0% used [0x00000000f0e80000,0x00000000f0e80000,0x00000000f1200000)
 ParOldGen       total 64512K, used 9135K [0x00000000c0000000, 0x00000000c3f00000, 0x00000000eab00000)
  object space 64512K, 14% used [0x00000000c0000000,0x00000000c08ebda8,0x00000000c3f00000)
 Metaspace       used 5872K, capacity 6832K, committed 7040K, reserved 1056768K
  class space    used 588K, capacity 616K, committed 640K, reserved 1048576K
}
Event: 6.615 GC heap before
{Heap before GC invocations=4 (full 0):
 PSYoungGen      total 52736K, used 52704K [0x00000000eab00000, 0x00000000f1200000, 0x0000000100000000)
  eden space 49152K, 100% used [0x00000000eab00000,0x00000000edb00000,0x00000000edb00000)
  from space 3584K, 99% used [0x00000000edb00000,0x00000000ede78030,0x00000000ede80000)
  to   space 3584K, 0% used [0x00000000f0e80000,0x00000000f0e80000,0x00000000f1200000)
 ParOldGen       total 64512K, used 9135K [0x00000000c0000000, 0x00000000c3f00000, 0x00000000eab00000)
  object space 64512K, 14% used [0x00000000c0000000,0x00000000c08ebda8,0x00000000c3f00000)
 Metaspace       used 5997K, capacity 6936K, committed 7168K, reserved 1056768K
  class space    used 608K, capacity 656K, committed 768K, reserved 1048576K
Event: 6.706 GC heap after
Heap after GC invocations=4 (full 0):
 PSYoungGen      total 101888K, used 3568K [0x00000000eab00000, 0x00000000f1200000, 0x0000000100000000)
  eden space 98304K, 0% used [0x00000000eab00000,0x00000000eab00000,0x00000000f0b00000)
  from space 3584K, 99% used [0x00000000f0e80000,0x00000000f11fc020,0x00000000f1200000)
  to   space 3584K, 0% used [0x00000000f0b00000,0x00000000f0b00000,0x00000000f0e80000)
 ParOldGen       total 64512K, used 16269K [0x00000000c0000000, 0x00000000c3f00000, 0x00000000eab00000)
  object space 64512K, 25% used [0x00000000c0000000,0x00000000c0fe3478,0x00000000c3f00000)
 Metaspace       used 5997K, capacity 6936K, committed 7168K, reserved 1056768K
  class space    used 608K, capacity 656K, committed 768K, reserved 1048576K
}
Event: 8.204 GC heap before
{Heap before GC invocations=5 (full 0):
 PSYoungGen      total 101888K, used 101872K [0x00000000eab00000, 0x00000000f1200000, 0x0000000100000000)
  eden space 98304K, 100% used [0x00000000eab00000,0x00000000f0b00000,0x00000000f0b00000)
  from space 3584K, 99% used [0x00000000f0e80000,0x00000000f11fc020,0x00000000f1200000)
  to   space 3584K, 0% used [0x00000000f0b00000,0x00000000f0b00000,0x00000000f0e80000)
 ParOldGen       total 64512K, used 16269K [0x00000000c0000000, 0x00000000c3f00000, 0x00000000eab00000)
  object space 64512K, 25% used [0x00000000c0000000,0x00000000c0fe3478,0x00000000c3f00000)
 Metaspace       used 6148K, capacity 7064K, committed 7424K, reserved 1056768K
  class space    used 608K, capacity 656K, committed 768K, reserved 1048576K
Event: 8.331 GC heap after
Heap after GC invocations=5 (full 0):
 PSYoungGen      total 101888K, used 3554K [0x00000000eab00000, 0x00000000f9c00000, 0x0000000100000000)
  eden space 98304K, 0% used [0x00000000eab00000,0x00000000eab00000,0x00000000f0b00000)
  from space 3584K, 99% used [0x00000000f0b00000,0x00000000f0e78a98,0x00000000f0e80000)
  to   space 25088K, 0% used [0x00000000f8380000,0x00000000f8380000,0x00000000f9c00000)
 ParOldGen       total 64512K, used 37426K [0x00000000c0000000, 0x00000000c3f00000, 0x00000000eab00000)
  object space 64512K, 58% used [0x00000000c0000000,0x00000000c248c938,0x00000000c3f00000)
 Metaspace       used 6148K, capacity 7064K, committed 7424K, reserved 1056768K
  class space    used 608K, capacity 656K, committed 768K, reserved 1048576K
}
Event: 15.756 GC heap before
{Heap before GC invocations=6 (full 0):
 PSYoungGen      total 101888K, used 101858K [0x00000000eab00000, 0x00000000f9c00000, 0x0000000100000000)
  eden space 98304K, 100% used [0x00000000eab00000,0x00000000f0b00000,0x00000000f0b00000)
  from space 3584K, 99% used [0x00000000f0b00000,0x00000000f0e78a98,0x00000000f0e80000)
  to   space 25088K, 0% used [0x00000000f8380000,0x00000000f8380000,0x00000000f9c00000)
 ParOldGen       total 64512K, used 37426K [0x00000000c0000000, 0x00000000c3f00000, 0x00000000eab00000)
  object space 64512K, 58% used [0x00000000c0000000,0x00000000c248c938,0x00000000c3f00000)
 Metaspace       used 6155K, capacity 7064K, committed 7424K, reserved 1056768K
  class space    used 608K, capacity 656K, committed 768K, reserved 1048576K
Event: 16.095 GC heap after
Heap after GC invocations=6 (full 0):
 PSYoungGen      total 189440K, used 25082K [0x00000000eab00000, 0x00000000fdb00000, 0x0000000100000000)
  eden space 164352K, 0% used [0x00000000eab00000,0x00000000eab00000,0x00000000f4b80000)
  from space 25088K, 99% used [0x00000000f8380000,0x00000000f9bfe8f0,0x00000000f9c00000)
  to   space 57344K, 0% used [0x00000000f4b80000,0x00000000f4b80000,0x00000000f8380000)
 ParOldGen       total 86016K, used 84130K [0x00000000c0000000, 0x00000000c5400000, 0x00000000eab00000)
  object space 86016K, 97% used [0x00000000c0000000,0x00000000c5228900,0x00000000c5400000)
 Metaspace       used 6155K, capacity 7064K, committed 7424K, reserved 1056768K
  class space    used 608K, capacity 656K, committed 768K, reserved 1048576K
}
Event: 16.095 GC heap before
{Heap before GC invocations=7 (full 1):
 PSYoungGen      total 189440K, used 25082K [0x00000000eab00000, 0x00000000fdb00000, 0x0000000100000000)
  eden space 164352K, 0% used [0x00000000eab00000,0x00000000eab00000,0x00000000f4b80000)
  from space 25088K, 99% used [0x00000000f8380000,0x00000000f9bfe8f0,0x00000000f9c00000)
  to   space 57344K, 0% used [0x00000000f4b80000,0x00000000f4b80000,0x00000000f8380000)
 ParOldGen       total 86016K, used 84130K [0x00000000c0000000, 0x00000000c5400000, 0x00000000eab00000)
  object space 86016K, 97% used [0x00000000c0000000,0x00000000c5228900,0x00000000c5400000)
 Metaspace       used 6155K, capacity 7064K, committed 7424K, reserved 1056768K
  class space    used 608K, capacity 656K, committed 768K, reserved 1048576K
Event: 17.396 GC heap after
Heap after GC invocations=7 (full 1):
 PSYoungGen      total 189440K, used 8584K [0x00000000eab00000, 0x00000000fdb00000, 0x0000000100000000)
  eden space 164352K, 0% used [0x00000000eab00000,0x00000000eab00000,0x00000000f4b80000)
  from space 25088K, 34% used [0x00000000f8380000,0x00000000f8be2028,0x00000000f9c00000)
  to   space 57344K, 0% used [0x00000000f4b80000,0x00000000f4b80000,0x00000000f8380000)
 ParOldGen       total 166400K, used 85832K [0x00000000c0000000, 0x00000000ca280000, 0x00000000eab00000)
  object space 166400K, 51% used [0x00000000c0000000,0x00000000c53d20f8,0x00000000ca280000)
 Metaspace       used 6155K, capacity 7064K, committed 7424K, reserved 1056768K
  class space    used 608K, capacity 656K, committed 768K, reserved 1048576K
}
Event: 17.672 GC heap before
{Heap before GC invocations=8 (full 1):
 PSYoungGen      total 189440K, used 172936K [0x00000000eab00000, 0x00000000fdb00000, 0x0000000100000000)
  eden space 164352K, 100% used [0x00000000eab00000,0x00000000f4b80000,0x00000000f4b80000)
  from space 25088K, 34% used [0x00000000f8380000,0x00000000f8be2028,0x00000000f9c00000)
  to   space 57344K, 0% used [0x00000000f4b80000,0x00000000f4b80000,0x00000000f8380000)
 ParOldGen       total 166400K, used 85832K [0x00000000c0000000, 0x00000000ca280000, 0x00000000eab00000)
  object space 166400K, 51% used [0x00000000c0000000,0x00000000c53d20f8,0x00000000ca280000)
 Metaspace       used 6160K, capacity 7064K, committed 7424K, reserved 1056768K
  class space    used 609K, capacity 656K, committed 768K, reserved 1048576K

