# JRE version: Java(TM) SE Runtime Environment (8.0_91-b14) (build 1.8.0_91-b14)
# Java VM: Java HotSpot(TM) 64-Bit Server VM (25.91-b14 mixed mode linux-amd64 compressed oops)
Heap:
 PSYoungGen      total 216064K, used 216055K [0x00000000eab00000, 0x0000000100000000, 0x0000000100000000)
  eden space 116736K, 100% used [0x00000000eab00000,0x00000000f1d00000,0x00000000f1d00000)
  from space 99328K, 99% used [0x00000000f9f00000,0x00000000ffffdd60,0x0000000100000000)
  to   space 116224K, 99% used [0x00000000f1d00000,0x00000000f8e78148,0x00000000f8e80000)
 ParOldGen       total 294400K, used 208027K [0x00000000c0000000, 0x00000000d1f80000, 0x00000000eab00000)
  object space 294400K, 70% used [0x00000000c0000000,0x00000000ccb26c20,0x00000000d1f80000)
 Metaspace       used 6457K, capacity 7256K, committed 7424K, reserved 1056768K
  class space    used 612K, capacity 656K, committed 768K, reserved 1048576K
GC Heap History (10 events):
Event: 26.108 GC heap after
Heap after GC invocations=8 (full 1):
 PSYoungGen      total 220160K, used 22857K [0x00000000eab00000, 0x0000000100000000, 0x0000000100000000)
  eden space 189952K, 0% used [0x00000000eab00000,0x00000000eab00000,0x00000000f6480000)
  from space 30208K, 75% used [0x00000000f6480000,0x00000000f7ad25b0,0x00000000f8200000)
  to   space 62464K, 0% used [0x00000000fc300000,0x00000000fc300000,0x0000000100000000)
 ParOldGen       total 168448K, used 88261K [0x00000000c0000000, 0x00000000ca480000, 0x00000000eab00000)
  object space 168448K, 52% used [0x00000000c0000000,0x00000000c5631778,0x00000000ca480000)
 Metaspace       used 6435K, capacity 7256K, committed 7424K, reserved 1056768K
  class space    used 609K, capacity 656K, committed 768K, reserved 1048576K
}
Event: 26.901 GC heap before
{Heap before GC invocations=9 (full 1):
 PSYoungGen      total 220160K, used 212809K [0x00000000eab00000, 0x0000000100000000, 0x0000000100000000)
  eden space 189952K, 100% used [0x00000000eab00000,0x00000000f6480000,0x00000000f6480000)
  from space 30208K, 75% used [0x00000000f6480000,0x00000000f7ad25b0,0x00000000f8200000)
  to   space 62464K, 0% used [0x00000000fc300000,0x00000000fc300000,0x0000000100000000)
 ParOldGen       total 168448K, used 88261K [0x00000000c0000000, 0x00000000ca480000, 0x00000000eab00000)
  object space 168448K, 52% used [0x00000000c0000000,0x00000000c5631778,0x00000000ca480000)
 Metaspace       used 6445K, capacity 7256K, committed 7424K, reserved 1056768K
  class space    used 610K, capacity 656K, committed 768K, reserved 1048576K
Event: 27.444 GC heap after
Heap after GC invocations=9 (full 1):
 PSYoungGen      total 219136K, used 62446K [0x00000000eab00000, 0x0000000100000000, 0x0000000100000000)
  eden space 156672K, 0% used [0x00000000eab00000,0x00000000eab00000,0x00000000f4400000)
  from space 62464K, 99% used [0x00000000fc300000,0x00000000ffffbab8,0x0000000100000000)
  to   space 96256K, 0% used [0x00000000f4400000,0x00000000f4400000,0x00000000fa200000)
 ParOldGen       total 168448K, used 136499K [0x00000000c0000000, 0x00000000ca480000, 0x00000000eab00000)
  object space 168448K, 81% used [0x00000000c0000000,0x00000000c854cca8,0x00000000ca480000)
 Metaspace       used 6445K, capacity 7256K, committed 7424K, reserved 1056768K
  class space    used 610K, capacity 656K, committed 768K, reserved 1048576K
}
Event: 27.444 GC heap before
{Heap before GC invocations=10 (full 2):
 PSYoungGen      total 219136K, used 62446K [0x00000000eab00000, 0x0000000100000000, 0x0000000100000000)
  eden space 156672K, 0% used [0x00000000eab00000,0x00000000eab00000,0x00000000f4400000)
  from space 62464K, 99% used [0x00000000fc300000,0x00000000ffffbab8,0x0000000100000000)
  to   space 96256K, 0% used [0x00000000f4400000,0x00000000f4400000,0x00000000fa200000)
 ParOldGen       total 168448K, used 136499K [0x00000000c0000000, 0x00000000ca480000, 0x00000000eab00000)
  object space 168448K, 81% used [0x00000000c0000000,0x00000000c854cca8,0x00000000ca480000)
 Metaspace       used 6445K, capacity 7256K, committed 7424K, reserved 1056768K
  class space    used 610K, capacity 656K, committed 768K, reserved 1048576K
Event: 29.321 GC heap after
Heap after GC invocations=10 (full 2):
 PSYoungGen      total 219136K, used 20767K [0x00000000eab00000, 0x0000000100000000, 0x0000000100000000)
  eden space 156672K, 0% used [0x00000000eab00000,0x00000000eab00000,0x00000000f4400000)
  from space 62464K, 33% used [0x00000000fc300000,0x00000000fd747f20,0x0000000100000000)
  to   space 96256K, 0% used [0x00000000f4400000,0x00000000f4400000,0x00000000fa200000)
 ParOldGen       total 294400K, used 167993K [0x00000000c0000000, 0x00000000d1f80000, 0x00000000eab00000)
  object space 294400K, 57% used [0x00000000c0000000,0x00000000ca40e4c8,0x00000000d1f80000)
 Metaspace       used 6445K, capacity 7256K, committed 7424K, reserved 1056768K
  class space    used 610K, capacity 656K, committed 768K, reserved 1048576K
}
Event: 30.123 GC heap before
{Heap before GC invocations=11 (full 2):
 PSYoungGen      total 219136K, used 177439K [0x00000000eab00000, 0x0000000100000000, 0x0000000100000000)
  eden space 156672K, 100% used [0x00000000eab00000,0x00000000f4400000,0x00000000f4400000)
  from space 62464K, 33% used [0x00000000fc300000,0x00000000fd747f20,0x0000000100000000)
  to   space 96256K, 0% used [0x00000000f4400000,0x00000000f4400000,0x00000000fa200000)
 ParOldGen       total 294400K, used 167993K [0x00000000c0000000, 0x00000000d1f80000, 0x00000000eab00000)
  object space 294400K, 57% used [0x00000000c0000000,0x00000000ca40e4c8,0x00000000d1f80000)
 Metaspace       used 6447K, capacity 7256K, committed 7424K, reserved 1056768K
  class space    used 610K, capacity 656K, committed 768K, reserved 1048576K
Event: 30.234 GC heap after
Heap after GC invocations=11 (full 2):
 PSYoungGen      total 215552K, used 58601K [0x00000000eab00000, 0x0000000100000000, 0x0000000100000000)
  eden space 156672K, 0% used [0x00000000eab00000,0x00000000eab00000,0x00000000f4400000)
  from space 58880K, 99% used [0x00000000f4400000,0x00000000f7d3a448,0x00000000f7d80000)
  to   space 99328K, 0% used [0x00000000f9f00000,0x00000000f9f00000,0x0000000100000000)
 ParOldGen       total 294400K, used 171855K [0x00000000c0000000, 0x00000000d1f80000, 0x00000000eab00000)
  object space 294400K, 58% used [0x00000000c0000000,0x00000000ca7d3ec0,0x00000000d1f80000)
 Metaspace       used 6447K, capacity 7256K, committed 7424K, reserved 1056768K
  class space    used 610K, capacity 656K, committed 768K, reserved 1048576K
}
Event: 31.942 GC heap before
{Heap before GC invocations=12 (full 2):
 PSYoungGen      total 215552K, used 215273K [0x00000000eab00000, 0x0000000100000000, 0x0000000100000000)
  eden space 156672K, 100% used [0x00000000eab00000,0x00000000f4400000,0x00000000f4400000)
  from space 58880K, 99% used [0x00000000f4400000,0x00000000f7d3a448,0x00000000f7d80000)
  to   space 99328K, 0% used [0x00000000f9f00000,0x00000000f9f00000,0x0000000100000000)
 ParOldGen       total 294400K, used 171855K [0x00000000c0000000, 0x00000000d1f80000, 0x00000000eab00000)
  object space 294400K, 58% used [0x00000000c0000000,0x00000000ca7d3ec0,0x00000000d1f80000)
 Metaspace       used 6449K, capacity 7256K, committed 7424K, reserved 1056768K
  class space    used 610K, capacity 656K, committed 768K, reserved 1048576K
Event: 32.441 GC heap after
Heap after GC invocations=12 (full 2):
 PSYoungGen      total 216064K, used 99319K [0x00000000eab00000, 0x0000000100000000, 0x0000000100000000)
  eden space 116736K, 0% used [0x00000000eab00000,0x00000000eab00000,0x00000000f1d00000)
  from space 99328K, 99% used [0x00000000f9f00000,0x00000000ffffdd60,0x0000000100000000)
  to   space 116224K, 0% used [0x00000000f1d00000,0x00000000f1d00000,0x00000000f8e80000)
 ParOldGen       total 294400K, used 175446K [0x00000000c0000000, 0x00000000d1f80000, 0x00000000eab00000)
  object space 294400K, 59% used [0x00000000c0000000,0x00000000cab55930,0x00000000d1f80000)
 Metaspace       used 6449K, capacity 7256K, committed 7424K, reserved 1056768K
  class space    used 610K, capacity 656K, committed 768K, reserved 1048576K
}
Event: 41.374 GC heap before
{Heap before GC invocations=13 (full 2):
 PSYoungGen      total 216064K, used 216055K [0x00000000eab00000, 0x0000000100000000, 0x0000000100000000)
  eden space 116736K, 100% used [0x00000000eab00000,0x00000000f1d00000,0x00000000f1d00000)
  from space 99328K, 99% used [0x00000000f9f00000,0x00000000ffffdd60,0x0000000100000000)
  to   space 116224K, 0% used [0x00000000f1d00000,0x00000000f1d00000,0x00000000f8e80000)
 ParOldGen       total 294400K, used 175446K [0x00000000c0000000, 0x00000000d1f80000, 0x00000000eab00000)
  object space 294400K, 59% used [0x00000000c0000000,0x00000000cab55930,0x00000000d1f80000)
 Metaspace       used 6457K, capacity 7256K, committed 7424K, reserved 1056768K
  class space    used 612K, capacity 656K, committed 768K, reserved 1048576K

