# JRE version: Java(TM) SE Runtime Environment (8.0_91-b14) (build 1.8.0_91-b14)
# Java VM: Java HotSpot(TM) 64-Bit Server VM (25.91-b14 mixed mode linux-amd64 compressed oops)
Heap:
 PSYoungGen      total 232960K, used 116198K [0x00000000eab00000, 0x0000000100000000, 0x0000000100000000)
  eden space 116736K, 0% used [0x00000000eab00000,0x00000000eab00000,0x00000000f1d00000)
  from space 116224K, 99% used [0x00000000f1d00000,0x00000000f8e79838,0x00000000f8e80000)
  to   space 116224K, 0% used [0x00000000f8e80000,0x00000000f8e80000,0x0000000100000000)
 ParOldGen       total 321024K, used 316391K [0x00000000c0000000, 0x00000000d3980000, 0x00000000eab00000)
  object space 321024K, 98% used [0x00000000c0000000,0x00000000d34f9fd0,0x00000000d3980000)
 Metaspace       used 6421K, capacity 7192K, committed 7424K, reserved 1056768K
  class space    used 609K, capacity 656K, committed 768K, reserved 1048576K
GC Heap History (10 events):
Event: 29.755 GC heap after
Heap after GC invocations=11 (full 2):
 PSYoungGen      total 242688K, used 39697K [0x00000000eab00000, 0x0000000100000000, 0x0000000100000000)
  eden space 136192K, 0% used [0x00000000eab00000,0x00000000eab00000,0x00000000f3000000)
  from space 106496K, 37% used [0x00000000f3000000,0x00000000f56c4608,0x00000000f9800000)
  to   space 100352K, 0% used [0x00000000f9e00000,0x00000000f9e00000,0x0000000100000000)
 ParOldGen       total 321024K, used 192266K [0x00000000c0000000, 0x00000000d3980000, 0x00000000eab00000)
  object space 321024K, 59% used [0x00000000c0000000,0x00000000cbbc2960,0x00000000d3980000)
 Metaspace       used 6415K, capacity 7192K, committed 7424K, reserved 1056768K
  class space    used 609K, capacity 656K, committed 768K, reserved 1048576K
}
Event: 31.564 GC heap before
{Heap before GC invocations=12 (full 2):
 PSYoungGen      total 242688K, used 175889K [0x00000000eab00000, 0x0000000100000000, 0x0000000100000000)
  eden space 136192K, 100% used [0x00000000eab00000,0x00000000f3000000,0x00000000f3000000)
  from space 106496K, 37% used [0x00000000f3000000,0x00000000f56c4608,0x00000000f9800000)
  to   space 100352K, 0% used [0x00000000f9e00000,0x00000000f9e00000,0x0000000100000000)
 ParOldGen       total 321024K, used 192266K [0x00000000c0000000, 0x00000000d3980000, 0x00000000eab00000)
  object space 321024K, 59% used [0x00000000c0000000,0x00000000cbbc2960,0x00000000d3980000)
 Metaspace       used 6416K, capacity 7192K, committed 7424K, reserved 1056768K
  class space    used 609K, capacity 656K, committed 768K, reserved 1048576K
Event: 31.921 GC heap after
Heap after GC invocations=12 (full 2):
 PSYoungGen      total 228352K, used 81524K [0x00000000eab00000, 0x0000000100000000, 0x0000000100000000)
  eden space 128000K, 0% used [0x00000000eab00000,0x00000000eab00000,0x00000000f2800000)
  from space 100352K, 81% used [0x00000000f9e00000,0x00000000fed9d0a8,0x0000000100000000)
  to   space 110592K, 0% used [0x00000000f2800000,0x00000000f2800000,0x00000000f9400000)
 ParOldGen       total 321024K, used 192266K [0x00000000c0000000, 0x00000000d3980000, 0x00000000eab00000)
  object space 321024K, 59% used [0x00000000c0000000,0x00000000cbbc2960,0x00000000d3980000)
 Metaspace       used 6416K, capacity 7192K, committed 7424K, reserved 1056768K
  class space    used 609K, capacity 656K, committed 768K, reserved 1048576K
}
Event: 36.420 GC heap before
{Heap before GC invocations=13 (full 2):
 PSYoungGen      total 228352K, used 209524K [0x00000000eab00000, 0x0000000100000000, 0x0000000100000000)
  eden space 128000K, 100% used [0x00000000eab00000,0x00000000f2800000,0x00000000f2800000)
  from space 100352K, 81% used [0x00000000f9e00000,0x00000000fed9d0a8,0x0000000100000000)
  to   space 110592K, 0% used [0x00000000f2800000,0x00000000f2800000,0x00000000f9400000)
 ParOldGen       total 321024K, used 192266K [0x00000000c0000000, 0x00000000d3980000, 0x00000000eab00000)
  object space 321024K, 59% used [0x00000000c0000000,0x00000000cbbc2960,0x00000000d3980000)
 Metaspace       used 6421K, capacity 7192K, committed 7424K, reserved 1056768K
  class space    used 609K, capacity 656K, committed 768K, reserved 1048576K
Event: 37.093 GC heap after
Heap after GC invocations=13 (full 2):
 PSYoungGen      total 238592K, used 110589K [0x00000000eab00000, 0x0000000100000000, 0x0000000100000000)
  eden space 128000K, 0% used [0x00000000eab00000,0x00000000eab00000,0x00000000f2800000)
  from space 110592K, 99% used [0x00000000f2800000,0x00000000f93ff4a0,0x00000000f9400000)
  to   space 110592K, 0% used [0x00000000f9400000,0x00000000f9400000,0x0000000100000000)
 ParOldGen       total 321024K, used 206395K [0x00000000c0000000, 0x00000000d3980000, 0x00000000eab00000)
  object space 321024K, 64% used [0x00000000c0000000,0x00000000cc98eee8,0x00000000d3980000)
 Metaspace       used 6421K, capacity 7192K, committed 7424K, reserved 1056768K
  class space    used 609K, capacity 656K, committed 768K, reserved 1048576K
}
Event: 38.248 GC heap before
{Heap before GC invocations=14 (full 2):
 PSYoungGen      total 238592K, used 238589K [0x00000000eab00000, 0x0000000100000000, 0x0000000100000000)
  eden space 128000K, 100% used [0x00000000eab00000,0x00000000f2800000,0x00000000f2800000)
  from space 110592K, 99% used [0x00000000f2800000,0x00000000f93ff4a0,0x00000000f9400000)
  to   space 110592K, 0% used [0x00000000f9400000,0x00000000f9400000,0x0000000100000000)
 ParOldGen       total 321024K, used 206395K [0x00000000c0000000, 0x00000000d3980000, 0x00000000eab00000)
  object space 321024K, 64% used [0x00000000c0000000,0x00000000cc98eee8,0x00000000d3980000)
 Metaspace       used 6421K, capacity 7192K, committed 7424K, reserved 1056768K
  class space    used 609K, capacity 656K, committed 768K, reserved 1048576K
Event: 39.109 GC heap after
Heap after GC invocations=14 (full 2):
 PSYoungGen      total 227328K, used 110564K [0x00000000eab00000, 0x0000000100000000, 0x0000000100000000)
  eden space 116736K, 0% used [0x00000000eab00000,0x00000000eab00000,0x00000000f1d00000)
  from space 110592K, 99% used [0x00000000f9400000,0x00000000ffff93f8,0x0000000100000000)
  to   space 116224K, 0% used [0x00000000f1d00000,0x00000000f1d00000,0x00000000f8e80000)
 ParOldGen       total 321024K, used 261175K [0x00000000c0000000, 0x00000000d3980000, 0x00000000eab00000)
  object space 321024K, 81% used [0x00000000c0000000,0x00000000cff0dd50,0x00000000d3980000)
 Metaspace       used 6421K, capacity 7192K, committed 7424K, reserved 1056768K
  class space    used 609K, capacity 656K, committed 768K, reserved 1048576K
}
Event: 39.460 GC heap before
{Heap before GC invocations=15 (full 2):
 PSYoungGen      total 227328K, used 227300K [0x00000000eab00000, 0x0000000100000000, 0x0000000100000000)
  eden space 116736K, 100% used [0x00000000eab00000,0x00000000f1d00000,0x00000000f1d00000)
  from space 110592K, 99% used [0x00000000f9400000,0x00000000ffff93f8,0x0000000100000000)
  to   space 116224K, 0% used [0x00000000f1d00000,0x00000000f1d00000,0x00000000f8e80000)
 ParOldGen       total 321024K, used 261175K [0x00000000c0000000, 0x00000000d3980000, 0x00000000eab00000)
  object space 321024K, 81% used [0x00000000c0000000,0x00000000cff0dd50,0x00000000d3980000)
 Metaspace       used 6421K, capacity 7192K, committed 7424K, reserved 1056768K
  class space    used 609K, capacity 656K, committed 768K, reserved 1048576K
Event: 40.405 GC heap after
Heap after GC invocations=15 (full 2):
 PSYoungGen      total 232960K, used 116198K [0x00000000eab00000, 0x0000000100000000, 0x0000000100000000)
  eden space 116736K, 0% used [0x00000000eab00000,0x00000000eab00000,0x00000000f1d00000)
  from space 116224K, 99% used [0x00000000f1d00000,0x00000000f8e79838,0x00000000f8e80000)
  to   space 116224K, 0% used [0x00000000f8e80000,0x00000000f8e80000,0x0000000100000000)
 ParOldGen       total 321024K, used 316391K [0x00000000c0000000, 0x00000000d3980000, 0x00000000eab00000)
  object space 321024K, 98% used [0x00000000c0000000,0x00000000d34f9fd0,0x00000000d3980000)
 Metaspace       used 6421K, capacity 7192K, committed 7424K, reserved 1056768K
  class space    used 609K, capacity 656K, committed 768K, reserved 1048576K
}
Event: 40.405 GC heap before
{Heap before GC invocations=16 (full 3):
 PSYoungGen      total 232960K, used 116198K [0x00000000eab00000, 0x0000000100000000, 0x0000000100000000)
  eden space 116736K, 0% used [0x00000000eab00000,0x00000000eab00000,0x00000000f1d00000)
  from space 116224K, 99% used [0x00000000f1d00000,0x00000000f8e79838,0x00000000f8e80000)
  to   space 116224K, 0% used [0x00000000f8e80000,0x00000000f8e80000,0x0000000100000000)
 ParOldGen       total 321024K, used 316391K [0x00000000c0000000, 0x00000000d3980000, 0x00000000eab00000)
  object space 321024K, 98% used [0x00000000c0000000,0x00000000d34f9fd0,0x00000000d3980000)
 Metaspace       used 6421K, capacity 7192K, committed 7424K, reserved 1056768K
  class space    used 609K, capacity 656K, committed 768K, reserved 1048576K

