# JRE version: Java(TM) SE Runtime Environment (8.0_91-b14) (build 1.8.0_91-b14)
# Java VM: Java HotSpot(TM) 64-Bit Server VM (25.91-b14 mixed mode linux-amd64 compressed oops)
Heap:
 PSYoungGen      total 219136K, used 219121K [0x00000000eab00000, 0x00000000fd600000, 0x0000000100000000)
  eden space 185344K, 100% used [0x00000000eab00000,0x00000000f6000000,0x00000000f6000000)
  from space 33792K, 99% used [0x00000000f6000000,0x00000000f80fc458,0x00000000f8100000)
  to   space 50688K, 99% used [0x00000000fa480000,0x00000000fd5ff218,0x00000000fd600000)
 ParOldGen       total 256000K, used 233039K [0x00000000c0000000, 0x00000000cfa00000, 0x00000000eab00000)
  object space 256000K, 91% used [0x00000000c0000000,0x00000000ce393e98,0x00000000cfa00000)
 Metaspace       used 6441K, capacity 7256K, committed 7424K, reserved 1056768K
  class space    used 610K, capacity 656K, committed 768K, reserved 1048576K
GC Heap History (10 events):
Event: 15.326 GC heap after
Heap after GC invocations=8 (full 0):
 PSYoungGen      total 210944K, used 25598K [0x00000000eab00000, 0x00000000faa00000, 0x0000000100000000)
  eden space 185344K, 0% used [0x00000000eab00000,0x00000000eab00000,0x00000000f6000000)
  from space 25600K, 99% used [0x00000000f8100000,0x00000000f99ffa30,0x00000000f9a00000)
  to   space 33792K, 0% used [0x00000000f6000000,0x00000000f6000000,0x00000000f8100000)
 ParOldGen       total 64512K, used 42233K [0x00000000c0000000, 0x00000000c3f00000, 0x00000000eab00000)
  object space 64512K, 65% used [0x00000000c0000000,0x00000000c293e7c8,0x00000000c3f00000)
 Metaspace       used 6376K, capacity 7192K, committed 7424K, reserved 1056768K
  class space    used 608K, capacity 656K, committed 768K, reserved 1048576K
}
Event: 18.941 GC heap before
{Heap before GC invocations=9 (full 0):
 PSYoungGen      total 210944K, used 210942K [0x00000000eab00000, 0x00000000faa00000, 0x0000000100000000)
  eden space 185344K, 100% used [0x00000000eab00000,0x00000000f6000000,0x00000000f6000000)
  from space 25600K, 99% used [0x00000000f8100000,0x00000000f99ffa30,0x00000000f9a00000)
  to   space 33792K, 0% used [0x00000000f6000000,0x00000000f6000000,0x00000000f8100000)
 ParOldGen       total 64512K, used 42233K [0x00000000c0000000, 0x00000000c3f00000, 0x00000000eab00000)
  object space 64512K, 65% used [0x00000000c0000000,0x00000000c293e7c8,0x00000000c3f00000)
 Metaspace       used 6420K, capacity 7192K, committed 7424K, reserved 1056768K
  class space    used 608K, capacity 656K, committed 768K, reserved 1048576K
Event: 19.874 GC heap after
Heap after GC invocations=9 (full 0):
 PSYoungGen      total 210944K, used 210942K [0x00000000eab00000, 0x00000000faa00000, 0x0000000100000000)
  eden space 185344K, 100% used [0x00000000eab00000,0x00000000f6000000,0x00000000f6000000)
  from space 25600K, 99% used [0x00000000f8100000,0x00000000f99ffa30,0x00000000f9a00000)
  to   space 33792K, 99% used [0x00000000f6000000,0x00000000f80f8460,0x00000000f8100000)
 ParOldGen       total 118784K, used 118341K [0x00000000c0000000, 0x00000000c7400000, 0x00000000eab00000)
  object space 118784K, 99% used [0x00000000c0000000,0x00000000c73916d8,0x00000000c7400000)
 Metaspace       used 6420K, capacity 7192K, committed 7424K, reserved 1056768K
  class space    used 608K, capacity 656K, committed 768K, reserved 1048576K
}
Event: 19.874 GC heap before
{Heap before GC invocations=10 (full 1):
 PSYoungGen      total 210944K, used 210942K [0x00000000eab00000, 0x00000000faa00000, 0x0000000100000000)
  eden space 185344K, 100% used [0x00000000eab00000,0x00000000f6000000,0x00000000f6000000)
  from space 25600K, 99% used [0x00000000f8100000,0x00000000f99ffa30,0x00000000f9a00000)
  to   space 33792K, 99% used [0x00000000f6000000,0x00000000f80f8460,0x00000000f8100000)
 ParOldGen       total 118784K, used 118341K [0x00000000c0000000, 0x00000000c7400000, 0x00000000eab00000)
  object space 118784K, 99% used [0x00000000c0000000,0x00000000c73916d8,0x00000000c7400000)
 Metaspace       used 6420K, capacity 7192K, committed 7424K, reserved 1056768K
  class space    used 608K, capacity 656K, committed 768K, reserved 1048576K
Event: 22.755 GC heap after
Heap after GC invocations=10 (full 1):
 PSYoungGen      total 210944K, used 0K [0x00000000eab00000, 0x00000000faa00000, 0x0000000100000000)
  eden space 185344K, 0% used [0x00000000eab00000,0x00000000eab00000,0x00000000f6000000)
  from space 25600K, 0% used [0x00000000f8100000,0x00000000f8100000,0x00000000f9a00000)
  to   space 33792K, 67% used [0x00000000f6000000,0x00000000f7659518,0x00000000f8100000)
 ParOldGen       total 171520K, used 118532K [0x00000000c0000000, 0x00000000ca780000, 0x00000000eab00000)
  object space 171520K, 69% used [0x00000000c0000000,0x00000000c73c1380,0x00000000ca780000)
 Metaspace       used 6420K, capacity 7192K, committed 7424K, reserved 1056768K
  class space    used 608K, capacity 656K, committed 768K, reserved 1048576K
}
Event: 23.631 GC heap before
{Heap before GC invocations=11 (full 2):
 PSYoungGen      total 210944K, used 185344K [0x00000000eab00000, 0x00000000faa00000, 0x0000000100000000)
  eden space 185344K, 100% used [0x00000000eab00000,0x00000000f6000000,0x00000000f6000000)
  from space 25600K, 0% used [0x00000000f8100000,0x00000000f8100000,0x00000000f9a00000)
  to   space 33792K, 67% used [0x00000000f6000000,0x00000000f7659518,0x00000000f8100000)
 ParOldGen       total 171520K, used 118532K [0x00000000c0000000, 0x00000000ca780000, 0x00000000eab00000)
  object space 171520K, 69% used [0x00000000c0000000,0x00000000c73c1380,0x00000000ca780000)
 Metaspace       used 6430K, capacity 7256K, committed 7424K, reserved 1056768K
  class space    used 610K, capacity 656K, committed 768K, reserved 1048576K
Event: 25.866 GC heap after
Heap after GC invocations=11 (full 2):
 PSYoungGen      total 210944K, used 41880K [0x00000000eab00000, 0x00000000faa00000, 0x0000000100000000)
  eden space 185344K, 22% used [0x00000000eab00000,0x00000000ed3e6270,0x00000000f6000000)
  from space 25600K, 0% used [0x00000000f8100000,0x00000000f8100000,0x00000000f9a00000)
  to   space 33792K, 0% used [0x00000000f6000000,0x00000000f6000000,0x00000000f8100000)
 ParOldGen       total 256000K, used 171450K [0x00000000c0000000, 0x00000000cfa00000, 0x00000000eab00000)
  object space 256000K, 66% used [0x00000000c0000000,0x00000000ca76e8c0,0x00000000cfa00000)
 Metaspace       used 6430K, capacity 7256K, committed 7424K, reserved 1056768K
  class space    used 610K, capacity 656K, committed 768K, reserved 1048576K
}
Event: 27.072 GC heap before
{Heap before GC invocations=12 (full 2):
 PSYoungGen      total 210944K, used 185344K [0x00000000eab00000, 0x00000000faa00000, 0x0000000100000000)
  eden space 185344K, 100% used [0x00000000eab00000,0x00000000f6000000,0x00000000f6000000)
  from space 25600K, 0% used [0x00000000f8100000,0x00000000f8100000,0x00000000f9a00000)
  to   space 33792K, 0% used [0x00000000f6000000,0x00000000f6000000,0x00000000f8100000)
 ParOldGen       total 256000K, used 171450K [0x00000000c0000000, 0x00000000cfa00000, 0x00000000eab00000)
  object space 256000K, 66% used [0x00000000c0000000,0x00000000ca76e8c0,0x00000000cfa00000)
 Metaspace       used 6438K, capacity 7256K, committed 7424K, reserved 1056768K
  class space    used 610K, capacity 656K, committed 768K, reserved 1048576K
Event: 27.479 GC heap after
Heap after GC invocations=12 (full 2):
 PSYoungGen      total 219136K, used 33777K [0x00000000eab00000, 0x00000000fd600000, 0x0000000100000000)
  eden space 185344K, 0% used [0x00000000eab00000,0x00000000eab00000,0x00000000f6000000)
  from space 33792K, 99% used [0x00000000f6000000,0x00000000f80fc458,0x00000000f8100000)
  to   space 50688K, 0% used [0x00000000fa480000,0x00000000fa480000,0x00000000fd600000)
 ParOldGen       total 256000K, used 198188K [0x00000000c0000000, 0x00000000cfa00000, 0x00000000eab00000)
  object space 256000K, 77% used [0x00000000c0000000,0x00000000cc18b2e0,0x00000000cfa00000)
 Metaspace       used 6438K, capacity 7256K, committed 7424K, reserved 1056768K
  class space    used 610K, capacity 656K, committed 768K, reserved 1048576K
}
Event: 31.314 GC heap before
{Heap before GC invocations=13 (full 2):
 PSYoungGen      total 219136K, used 219121K [0x00000000eab00000, 0x00000000fd600000, 0x0000000100000000)
  eden space 185344K, 100% used [0x00000000eab00000,0x00000000f6000000,0x00000000f6000000)
  from space 33792K, 99% used [0x00000000f6000000,0x00000000f80fc458,0x00000000f8100000)
  to   space 50688K, 0% used [0x00000000fa480000,0x00000000fa480000,0x00000000fd600000)
 ParOldGen       total 256000K, used 198188K [0x00000000c0000000, 0x00000000cfa00000, 0x00000000eab00000)
  object space 256000K, 77% used [0x00000000c0000000,0x00000000cc18b2e0,0x00000000cfa00000)
 Metaspace       used 6441K, capacity 7256K, committed 7424K, reserved 1056768K
  class space    used 610K, capacity 656K, committed 768K, reserved 1048576K

