# JRE version: Java(TM) SE Runtime Environment (8.0_91-b14) (build 1.8.0_91-b14)
# Java VM: Java HotSpot(TM) 64-Bit Server VM (25.91-b14 mixed mode linux-amd64 compressed oops)
Heap:
 PSYoungGen      total 240128K, used 221331K [0x00000000eab00000, 0x0000000100000000, 0x0000000100000000)
  eden space 149504K, 100% used [0x00000000eab00000,0x00000000f3d00000,0x00000000f3d00000)
  from space 90624K, 79% used [0x00000000fa780000,0x00000000feda4f58,0x0000000100000000)
  to   space 99840K, 66% used [0x00000000f3d00000,0x00000000f7df3b98,0x00000000f9e80000)
 ParOldGen       total 314880K, used 214909K [0x00000000c0000000, 0x00000000d3380000, 0x00000000eab00000)
  object space 314880K, 68% used [0x00000000c0000000,0x00000000cd1df738,0x00000000d3380000)
 Metaspace       used 6445K, capacity 7256K, committed 7424K, reserved 1056768K
  class space    used 611K, capacity 656K, committed 768K, reserved 1048576K
GC Heap History (10 events):
Event: 22.964 GC heap after
Heap after GC invocations=10 (full 1):
 PSYoungGen      total 220160K, used 22954K [0x00000000eab00000, 0x0000000100000000, 0x0000000100000000)
  eden space 186368K, 0% used [0x00000000eab00000,0x00000000eab00000,0x00000000f6100000)
  from space 33792K, 67% used [0x00000000f6100000,0x00000000f776aaa8,0x00000000f8200000)
  to   space 68096K, 0% used [0x00000000fbd80000,0x00000000fbd80000,0x0000000100000000)
 ParOldGen       total 193024K, used 112221K [0x00000000c0000000, 0x00000000cbc80000, 0x00000000eab00000)
  object space 193024K, 58% used [0x00000000c0000000,0x00000000c6d976d8,0x00000000cbc80000)
 Metaspace       used 6422K, capacity 7192K, committed 7424K, reserved 1056768K
  class space    used 608K, capacity 656K, committed 768K, reserved 1048576K
}
Event: 23.774 GC heap before
{Heap before GC invocations=11 (full 1):
 PSYoungGen      total 220160K, used 209322K [0x00000000eab00000, 0x0000000100000000, 0x0000000100000000)
  eden space 186368K, 100% used [0x00000000eab00000,0x00000000f6100000,0x00000000f6100000)
  from space 33792K, 67% used [0x00000000f6100000,0x00000000f776aaa8,0x00000000f8200000)
  to   space 68096K, 0% used [0x00000000fbd80000,0x00000000fbd80000,0x0000000100000000)
 ParOldGen       total 193024K, used 112221K [0x00000000c0000000, 0x00000000cbc80000, 0x00000000eab00000)
  object space 193024K, 58% used [0x00000000c0000000,0x00000000c6d976d8,0x00000000cbc80000)
 Metaspace       used 6432K, capacity 7256K, committed 7424K, reserved 1056768K
  class space    used 610K, capacity 656K, committed 768K, reserved 1048576K
Event: 24.247 GC heap after
Heap after GC invocations=11 (full 1):
 PSYoungGen      total 225792K, used 68071K [0x00000000eab00000, 0x0000000100000000, 0x0000000100000000)
  eden space 157696K, 0% used [0x00000000eab00000,0x00000000eab00000,0x00000000f4500000)
  from space 68096K, 99% used [0x00000000fbd80000,0x00000000ffff9e80,0x0000000100000000)
  to   space 95744K, 0% used [0x00000000f4500000,0x00000000f4500000,0x00000000fa280000)
 ParOldGen       total 193024K, used 155126K [0x00000000c0000000, 0x00000000cbc80000, 0x00000000eab00000)
  object space 193024K, 80% used [0x00000000c0000000,0x00000000c977d9e0,0x00000000cbc80000)
 Metaspace       used 6432K, capacity 7256K, committed 7424K, reserved 1056768K
  class space    used 610K, capacity 656K, committed 768K, reserved 1048576K
}
Event: 24.247 GC heap before
{Heap before GC invocations=12 (full 2):
 PSYoungGen      total 225792K, used 68071K [0x00000000eab00000, 0x0000000100000000, 0x0000000100000000)
  eden space 157696K, 0% used [0x00000000eab00000,0x00000000eab00000,0x00000000f4500000)
  from space 68096K, 99% used [0x00000000fbd80000,0x00000000ffff9e80,0x0000000100000000)
  to   space 95744K, 0% used [0x00000000f4500000,0x00000000f4500000,0x00000000fa280000)
 ParOldGen       total 193024K, used 155126K [0x00000000c0000000, 0x00000000cbc80000, 0x00000000eab00000)
  object space 193024K, 80% used [0x00000000c0000000,0x00000000c977d9e0,0x00000000cbc80000)
 Metaspace       used 6432K, capacity 7256K, committed 7424K, reserved 1056768K
  class space    used 610K, capacity 656K, committed 768K, reserved 1048576K
Event: 26.287 GC heap after
Heap after GC invocations=12 (full 2):
 PSYoungGen      total 225792K, used 21856K [0x00000000eab00000, 0x0000000100000000, 0x0000000100000000)
  eden space 157696K, 0% used [0x00000000eab00000,0x00000000eab00000,0x00000000f4500000)
  from space 68096K, 32% used [0x00000000fbd80000,0x00000000fd2d8240,0x0000000100000000)
  to   space 95744K, 0% used [0x00000000f4500000,0x00000000f4500000,0x00000000fa280000)
 ParOldGen       total 314880K, used 192617K [0x00000000c0000000, 0x00000000d3380000, 0x00000000eab00000)
  object space 314880K, 61% used [0x00000000c0000000,0x00000000cbc1a7b8,0x00000000d3380000)
 Metaspace       used 6432K, capacity 7256K, committed 7424K, reserved 1056768K
  class space    used 610K, capacity 656K, committed 768K, reserved 1048576K
}
Event: 27.869 GC heap before
{Heap before GC invocations=13 (full 2):
 PSYoungGen      total 225792K, used 179552K [0x00000000eab00000, 0x0000000100000000, 0x0000000100000000)
  eden space 157696K, 100% used [0x00000000eab00000,0x00000000f4500000,0x00000000f4500000)
  from space 68096K, 32% used [0x00000000fbd80000,0x00000000fd2d8240,0x0000000100000000)
  to   space 95744K, 0% used [0x00000000f4500000,0x00000000f4500000,0x00000000fa280000)
 ParOldGen       total 314880K, used 192617K [0x00000000c0000000, 0x00000000d3380000, 0x00000000eab00000)
  object space 314880K, 61% used [0x00000000c0000000,0x00000000cbc1a7b8,0x00000000d3380000)
 Metaspace       used 6434K, capacity 7256K, committed 7424K, reserved 1056768K
  class space    used 610K, capacity 656K, committed 768K, reserved 1048576K
Event: 28.206 GC heap after
Heap after GC invocations=13 (full 2):
 PSYoungGen      total 253440K, used 25173K [0x00000000eab00000, 0x0000000100000000, 0x0000000100000000)
  eden space 157696K, 0% used [0x00000000eab00000,0x00000000eab00000,0x00000000f4500000)
  from space 95744K, 26% used [0x00000000f4500000,0x00000000f5d95780,0x00000000fa280000)
  to   space 90624K, 0% used [0x00000000fa780000,0x00000000fa780000,0x0000000100000000)
 ParOldGen       total 314880K, used 214909K [0x00000000c0000000, 0x00000000d3380000, 0x00000000eab00000)
  object space 314880K, 68% used [0x00000000c0000000,0x00000000cd1df738,0x00000000d3380000)
 Metaspace       used 6434K, capacity 7256K, committed 7424K, reserved 1056768K
  class space    used 610K, capacity 656K, committed 768K, reserved 1048576K
}
Event: 31.605 GC heap before
{Heap before GC invocations=14 (full 2):
 PSYoungGen      total 253440K, used 182869K [0x00000000eab00000, 0x0000000100000000, 0x0000000100000000)
  eden space 157696K, 100% used [0x00000000eab00000,0x00000000f4500000,0x00000000f4500000)
  from space 95744K, 26% used [0x00000000f4500000,0x00000000f5d95780,0x00000000fa280000)
  to   space 90624K, 0% used [0x00000000fa780000,0x00000000fa780000,0x0000000100000000)
 ParOldGen       total 314880K, used 214909K [0x00000000c0000000, 0x00000000d3380000, 0x00000000eab00000)
  object space 314880K, 68% used [0x00000000c0000000,0x00000000cd1df738,0x00000000d3380000)
 Metaspace       used 6438K, capacity 7256K, committed 7424K, reserved 1056768K
  class space    used 610K, capacity 656K, committed 768K, reserved 1048576K
Event: 32.085 GC heap after
Heap after GC invocations=14 (full 2):
 PSYoungGen      total 240128K, used 71827K [0x00000000eab00000, 0x0000000100000000, 0x0000000100000000)
  eden space 149504K, 0% used [0x00000000eab00000,0x00000000eab00000,0x00000000f3d00000)
  from space 90624K, 79% used [0x00000000fa780000,0x00000000feda4f58,0x0000000100000000)
  to   space 99840K, 0% used [0x00000000f3d00000,0x00000000f3d00000,0x00000000f9e80000)
 ParOldGen       total 314880K, used 214909K [0x00000000c0000000, 0x00000000d3380000, 0x00000000eab00000)
  object space 314880K, 68% used [0x00000000c0000000,0x00000000cd1df738,0x00000000d3380000)
 Metaspace       used 6438K, capacity 7256K, committed 7424K, reserved 1056768K
  class space    used 610K, capacity 656K, committed 768K, reserved 1048576K
}
Event: 35.185 GC heap before
{Heap before GC invocations=15 (full 2):
 PSYoungGen      total 240128K, used 221331K [0x00000000eab00000, 0x0000000100000000, 0x0000000100000000)
  eden space 149504K, 100% used [0x00000000eab00000,0x00000000f3d00000,0x00000000f3d00000)
  from space 90624K, 79% used [0x00000000fa780000,0x00000000feda4f58,0x0000000100000000)
  to   space 99840K, 0% used [0x00000000f3d00000,0x00000000f3d00000,0x00000000f9e80000)
 ParOldGen       total 314880K, used 214909K [0x00000000c0000000, 0x00000000d3380000, 0x00000000eab00000)
  object space 314880K, 68% used [0x00000000c0000000,0x00000000cd1df738,0x00000000d3380000)
 Metaspace       used 6445K, capacity 7256K, committed 7424K, reserved 1056768K
  class space    used 611K, capacity 656K, committed 768K, reserved 1048576K

