# JRE version: Java(TM) SE Runtime Environment (8.0_91-b14) (build 1.8.0_91-b14)
# Java VM: Java HotSpot(TM) 64-Bit Server VM (25.91-b14 mixed mode linux-amd64 compressed oops)
Heap:
 PSYoungGen      total 232960K, used 41199K [0x00000000eab00000, 0x0000000100000000, 0x0000000100000000)
  eden space 116736K, 35% used [0x00000000eab00000,0x00000000ed33bf28,0x00000000f1d00000)
  from space 116224K, 0% used [0x00000000f8e80000,0x00000000f8e80000,0x0000000100000000)
  to   space 116224K, 0% used [0x00000000f1d00000,0x00000000f1d00000,0x00000000f8e80000)
 ParOldGen       total 463360K, used 254869K [0x00000000c0000000, 0x00000000dc480000, 0x00000000eab00000)
  object space 463360K, 55% used [0x00000000c0000000,0x00000000cf8e5588,0x00000000dc480000)
 Metaspace       used 6467K, capacity 7256K, committed 7424K, reserved 1056768K
  class space    used 612K, capacity 656K, committed 768K, reserved 1048576K
GC Heap History (10 events):
Event: 36.312 GC heap before
{Heap before GC invocations=18 (full 3):
 PSYoungGen      total 232960K, used 18462K [0x00000000eab00000, 0x0000000100000000, 0x0000000100000000)
  eden space 116736K, 0% used [0x00000000eab00000,0x00000000eab00000,0x00000000f1d00000)
  from space 116224K, 15% used [0x00000000f1d00000,0x00000000f2f078c8,0x00000000f8e80000)
  to   space 116224K, 0% used [0x00000000f8e80000,0x00000000f8e80000,0x0000000100000000)
 ParOldGen       total 267776K, used 263484K [0x00000000c0000000, 0x00000000d0580000, 0x00000000eab00000)
  object space 267776K, 98% used [0x00000000c0000000,0x00000000d014f1e8,0x00000000d0580000)
 Metaspace       used 6460K, capacity 7256K, committed 7424K, reserved 1056768K
  class space    used 611K, capacity 656K, committed 768K, reserved 1048576K
Event: 40.130 GC heap after
Heap after GC invocations=18 (full 3):
 PSYoungGen      total 232960K, used 4062K [0x00000000eab00000, 0x0000000100000000, 0x0000000100000000)
  eden space 116736K, 0% used [0x00000000eab00000,0x00000000eab00000,0x00000000f1d00000)
  from space 116224K, 3% used [0x00000000f1d00000,0x00000000f20f7838,0x00000000f8e80000)
  to   space 116224K, 0% used [0x00000000f8e80000,0x00000000f8e80000,0x0000000100000000)
 ParOldGen       total 437760K, used 267618K [0x00000000c0000000, 0x00000000dab80000, 0x00000000eab00000)
  object space 437760K, 61% used [0x00000000c0000000,0x00000000d0558ac8,0x00000000dab80000)
 Metaspace       used 6460K, capacity 7256K, committed 7424K, reserved 1056768K
  class space    used 611K, capacity 656K, committed 768K, reserved 1048576K
}
Event: 45.555 GC heap before
{Heap before GC invocations=19 (full 3):
 PSYoungGen      total 232960K, used 120798K [0x00000000eab00000, 0x0000000100000000, 0x0000000100000000)
  eden space 116736K, 100% used [0x00000000eab00000,0x00000000f1d00000,0x00000000f1d00000)
  from space 116224K, 3% used [0x00000000f1d00000,0x00000000f20f7838,0x00000000f8e80000)
  to   space 116224K, 0% used [0x00000000f8e80000,0x00000000f8e80000,0x0000000100000000)
 ParOldGen       total 437760K, used 267618K [0x00000000c0000000, 0x00000000dab80000, 0x00000000eab00000)
  object space 437760K, 61% used [0x00000000c0000000,0x00000000d0558ac8,0x00000000dab80000)
 Metaspace       used 6467K, capacity 7256K, committed 7424K, reserved 1056768K
  class space    used 612K, capacity 656K, committed 768K, reserved 1048576K
Event: 46.100 GC heap after
Heap after GC invocations=19 (full 3):
 PSYoungGen      total 232960K, used 53871K [0x00000000eab00000, 0x0000000100000000, 0x0000000100000000)
  eden space 116736K, 0% used [0x00000000eab00000,0x00000000eab00000,0x00000000f1d00000)
  from space 116224K, 46% used [0x00000000f8e80000,0x00000000fc31bc10,0x0000000100000000)
  to   space 116224K, 0% used [0x00000000f1d00000,0x00000000f1d00000,0x00000000f8e80000)
 ParOldGen       total 437760K, used 271337K [0x00000000c0000000, 0x00000000dab80000, 0x00000000eab00000)
  object space 437760K, 61% used [0x00000000c0000000,0x00000000d08fa588,0x00000000dab80000)
 Metaspace       used 6467K, capacity 7256K, committed 7424K, reserved 1056768K
  class space    used 612K, capacity 656K, committed 768K, reserved 1048576K
}
Event: 46.415 GC heap before
{Heap before GC invocations=20 (full 3):
 PSYoungGen      total 232960K, used 170607K [0x00000000eab00000, 0x0000000100000000, 0x0000000100000000)
  eden space 116736K, 100% used [0x00000000eab00000,0x00000000f1d00000,0x00000000f1d00000)
  from space 116224K, 46% used [0x00000000f8e80000,0x00000000fc31bc10,0x0000000100000000)
  to   space 116224K, 0% used [0x00000000f1d00000,0x00000000f1d00000,0x00000000f8e80000)
 ParOldGen       total 437760K, used 271337K [0x00000000c0000000, 0x00000000dab80000, 0x00000000eab00000)
  object space 437760K, 61% used [0x00000000c0000000,0x00000000d08fa588,0x00000000dab80000)
 Metaspace       used 6467K, capacity 7256K, committed 7424K, reserved 1056768K
  class space    used 612K, capacity 656K, committed 768K, reserved 1048576K
Event: 46.860 GC heap after
Heap after GC invocations=20 (full 3):
 PSYoungGen      total 232960K, used 59542K [0x00000000eab00000, 0x0000000100000000, 0x0000000100000000)
  eden space 116736K, 0% used [0x00000000eab00000,0x00000000eab00000,0x00000000f1d00000)
  from space 116224K, 51% used [0x00000000f1d00000,0x00000000f5725800,0x00000000f8e80000)
  to   space 116224K, 0% used [0x00000000f8e80000,0x00000000f8e80000,0x0000000100000000)
 ParOldGen       total 437760K, used 325629K [0x00000000c0000000, 0x00000000dab80000, 0x00000000eab00000)
  object space 437760K, 74% used [0x00000000c0000000,0x00000000d3dff728,0x00000000dab80000)
 Metaspace       used 6467K, capacity 7256K, committed 7424K, reserved 1056768K
  class space    used 612K, capacity 656K, committed 768K, reserved 1048576K
}
Event: 47.820 GC heap before
{Heap before GC invocations=21 (full 3):
 PSYoungGen      total 232960K, used 176278K [0x00000000eab00000, 0x0000000100000000, 0x0000000100000000)
  eden space 116736K, 100% used [0x00000000eab00000,0x00000000f1d00000,0x00000000f1d00000)
  from space 116224K, 51% used [0x00000000f1d00000,0x00000000f5725800,0x00000000f8e80000)
  to   space 116224K, 0% used [0x00000000f8e80000,0x00000000f8e80000,0x0000000100000000)
 ParOldGen       total 437760K, used 325629K [0x00000000c0000000, 0x00000000dab80000, 0x00000000eab00000)
  object space 437760K, 74% used [0x00000000c0000000,0x00000000d3dff728,0x00000000dab80000)
 Metaspace       used 6467K, capacity 7256K, committed 7424K, reserved 1056768K
  class space    used 612K, capacity 656K, committed 768K, reserved 1048576K
Event: 48.050 GC heap after
Heap after GC invocations=21 (full 3):
 PSYoungGen      total 232960K, used 43138K [0x00000000eab00000, 0x0000000100000000, 0x0000000100000000)
  eden space 116736K, 0% used [0x00000000eab00000,0x00000000eab00000,0x00000000f1d00000)
  from space 116224K, 37% used [0x00000000f8e80000,0x00000000fb8a0bc0,0x0000000100000000)
  to   space 116224K, 0% used [0x00000000f1d00000,0x00000000f1d00000,0x00000000f8e80000)
 ParOldGen       total 437760K, used 385301K [0x00000000c0000000, 0x00000000dab80000, 0x00000000eab00000)
  object space 437760K, 88% used [0x00000000c0000000,0x00000000d7845728,0x00000000dab80000)
 Metaspace       used 6467K, capacity 7256K, committed 7424K, reserved 1056768K
  class space    used 612K, capacity 656K, committed 768K, reserved 1048576K
}
Event: 48.050 GC heap before
{Heap before GC invocations=22 (full 4):
 PSYoungGen      total 232960K, used 43138K [0x00000000eab00000, 0x0000000100000000, 0x0000000100000000)
  eden space 116736K, 0% used [0x00000000eab00000,0x00000000eab00000,0x00000000f1d00000)
  from space 116224K, 37% used [0x00000000f8e80000,0x00000000fb8a0bc0,0x0000000100000000)
  to   space 116224K, 0% used [0x00000000f1d00000,0x00000000f1d00000,0x00000000f8e80000)
 ParOldGen       total 437760K, used 385301K [0x00000000c0000000, 0x00000000dab80000, 0x00000000eab00000)
  object space 437760K, 88% used [0x00000000c0000000,0x00000000d7845728,0x00000000dab80000)
 Metaspace       used 6467K, capacity 7256K, committed 7424K, reserved 1056768K
  class space    used 612K, capacity 656K, committed 768K, reserved 1048576K
Event: 49.864 GC heap after
Heap after GC invocations=22 (full 4):
 PSYoungGen      total 232960K, used 0K [0x00000000eab00000, 0x0000000100000000, 0x0000000100000000)
  eden space 116736K, 0% used [0x00000000eab00000,0x00000000eab00000,0x00000000f1d00000)
  from space 116224K, 0% used [0x00000000f8e80000,0x00000000f8e80000,0x0000000100000000)
  to   space 116224K, 0% used [0x00000000f1d00000,0x00000000f1d00000,0x00000000f8e80000)
 ParOldGen       total 463360K, used 254869K [0x00000000c0000000, 0x00000000dc480000, 0x00000000eab00000)
  object space 463360K, 55% used [0x00000000c0000000,0x00000000cf8e5588,0x00000000dc480000)
 Metaspace       used 6467K, capacity 7256K, committed 7424K, reserved 1056768K
  class space    used 612K, capacity 656K, committed 768K, reserved 1048576K
}

