# JRE version: Java(TM) SE Runtime Environment (8.0_91-b14) (build 1.8.0_91-b14)
# Java VM: Java HotSpot(TM) 64-Bit Server VM (25.91-b14 mixed mode linux-amd64 compressed oops)
Heap:
 PSYoungGen      total 234496K, used 234473K [0x00000000eab00000, 0x0000000100000000, 0x0000000100000000)
  eden space 160768K, 100% used [0x00000000eab00000,0x00000000f4800000,0x00000000f4800000)
  from space 73728K, 99% used [0x00000000fb800000,0x00000000ffffa4e0,0x0000000100000000)
  to   space 94208K, 34% used [0x00000000f4800000,0x00000000f676e4c8,0x00000000fa400000)
 ParOldGen       total 216064K, used 215466K [0x00000000c0000000, 0x00000000cd300000, 0x00000000eab00000)
  object space 216064K, 99% used [0x00000000c0000000,0x00000000cd26aae0,0x00000000cd300000)
 Metaspace       used 6426K, capacity 7192K, committed 7424K, reserved 1056768K
  class space    used 610K, capacity 656K, committed 768K, reserved 1048576K
GC Heap History (10 events):
Event: 11.621 GC heap after
Heap after GC invocations=7 (full 0):
 PSYoungGen      total 111104K, used 14310K [0x00000000eab00000, 0x00000000f9c00000, 0x0000000100000000)
  eden space 96768K, 0% used [0x00000000eab00000,0x00000000eab00000,0x00000000f0980000)
  from space 14336K, 99% used [0x00000000f0980000,0x00000000f17799e8,0x00000000f1780000)
  to   space 26624K, 0% used [0x00000000f8200000,0x00000000f8200000,0x00000000f9c00000)
 ParOldGen       total 64512K, used 36274K [0x00000000c0000000, 0x00000000c3f00000, 0x00000000eab00000)
  object space 64512K, 56% used [0x00000000c0000000,0x00000000c236ca78,0x00000000c3f00000)
 Metaspace       used 6206K, capacity 7064K, committed 7424K, reserved 1056768K
  class space    used 608K, capacity 656K, committed 768K, reserved 1048576K
}
Event: 17.301 GC heap before
{Heap before GC invocations=8 (full 0):
 PSYoungGen      total 111104K, used 111078K [0x00000000eab00000, 0x00000000f9c00000, 0x0000000100000000)
  eden space 96768K, 100% used [0x00000000eab00000,0x00000000f0980000,0x00000000f0980000)
  from space 14336K, 99% used [0x00000000f0980000,0x00000000f17799e8,0x00000000f1780000)
  to   space 26624K, 0% used [0x00000000f8200000,0x00000000f8200000,0x00000000f9c00000)
 ParOldGen       total 64512K, used 36274K [0x00000000c0000000, 0x00000000c3f00000, 0x00000000eab00000)
  object space 64512K, 56% used [0x00000000c0000000,0x00000000c236ca78,0x00000000c3f00000)
 Metaspace       used 6382K, capacity 7192K, committed 7424K, reserved 1056768K
  class space    used 608K, capacity 656K, committed 768K, reserved 1048576K
Event: 17.580 GC heap after
Heap after GC invocations=8 (full 0):
 PSYoungGen      total 212480K, used 26595K [0x00000000eab00000, 0x00000000fab00000, 0x0000000100000000)
  eden space 185856K, 0% used [0x00000000eab00000,0x00000000eab00000,0x00000000f6080000)
  from space 26624K, 99% used [0x00000000f8200000,0x00000000f9bf8da0,0x00000000f9c00000)
  to   space 34304K, 0% used [0x00000000f6080000,0x00000000f6080000,0x00000000f8200000)
 ParOldGen       total 64512K, used 42452K [0x00000000c0000000, 0x00000000c3f00000, 0x00000000eab00000)
  object space 64512K, 65% used [0x00000000c0000000,0x00000000c29752b0,0x00000000c3f00000)
 Metaspace       used 6382K, capacity 7192K, committed 7424K, reserved 1056768K
  class space    used 608K, capacity 656K, committed 768K, reserved 1048576K
}
Event: 20.514 GC heap before
{Heap before GC invocations=9 (full 0):
 PSYoungGen      total 212480K, used 212451K [0x00000000eab00000, 0x00000000fab00000, 0x0000000100000000)
  eden space 185856K, 100% used [0x00000000eab00000,0x00000000f6080000,0x00000000f6080000)
  from space 26624K, 99% used [0x00000000f8200000,0x00000000f9bf8da0,0x00000000f9c00000)
  to   space 34304K, 0% used [0x00000000f6080000,0x00000000f6080000,0x00000000f8200000)
 ParOldGen       total 64512K, used 42452K [0x00000000c0000000, 0x00000000c3f00000, 0x00000000eab00000)
  object space 64512K, 65% used [0x00000000c0000000,0x00000000c29752b0,0x00000000c3f00000)
 Metaspace       used 6412K, capacity 7192K, committed 7424K, reserved 1056768K
  class space    used 608K, capacity 656K, committed 768K, reserved 1048576K
Event: 21.023 GC heap after
Heap after GC invocations=9 (full 0):
 PSYoungGen      total 220160K, used 34277K [0x00000000eab00000, 0x0000000100000000, 0x0000000100000000)
  eden space 185856K, 0% used [0x00000000eab00000,0x00000000eab00000,0x00000000f6080000)
  from space 34304K, 99% used [0x00000000f6080000,0x00000000f81f9438,0x00000000f8200000)
  to   space 73728K, 0% used [0x00000000fb800000,0x00000000fb800000,0x0000000100000000)
 ParOldGen       total 125440K, used 125260K [0x00000000c0000000, 0x00000000c7a80000, 0x00000000eab00000)
  object space 125440K, 99% used [0x00000000c0000000,0x00000000c7a532d8,0x00000000c7a80000)
 Metaspace       used 6412K, capacity 7192K, committed 7424K, reserved 1056768K
  class space    used 608K, capacity 656K, committed 768K, reserved 1048576K
}
Event: 21.023 GC heap before
{Heap before GC invocations=10 (full 1):
 PSYoungGen      total 220160K, used 34277K [0x00000000eab00000, 0x0000000100000000, 0x0000000100000000)
  eden space 185856K, 0% used [0x00000000eab00000,0x00000000eab00000,0x00000000f6080000)
  from space 34304K, 99% used [0x00000000f6080000,0x00000000f81f9438,0x00000000f8200000)
  to   space 73728K, 0% used [0x00000000fb800000,0x00000000fb800000,0x0000000100000000)
 ParOldGen       total 125440K, used 125260K [0x00000000c0000000, 0x00000000c7a80000, 0x00000000eab00000)
  object space 125440K, 99% used [0x00000000c0000000,0x00000000c7a532d8,0x00000000c7a80000)
 Metaspace       used 6412K, capacity 7192K, committed 7424K, reserved 1056768K
  class space    used 608K, capacity 656K, committed 768K, reserved 1048576K
Event: 24.496 GC heap after
Heap after GC invocations=10 (full 1):
 PSYoungGen      total 220160K, used 20941K [0x00000000eab00000, 0x0000000100000000, 0x0000000100000000)
  eden space 185856K, 0% used [0x00000000eab00000,0x00000000eab00000,0x00000000f6080000)
  from space 34304K, 61% used [0x00000000f6080000,0x00000000f74f35c8,0x00000000f8200000)
  to   space 73728K, 0% used [0x00000000fb800000,0x00000000fb800000,0x0000000100000000)
 ParOldGen       total 209920K, used 125064K [0x00000000c0000000, 0x00000000ccd00000, 0x00000000eab00000)
  object space 209920K, 59% used [0x00000000c0000000,0x00000000c7a22038,0x00000000ccd00000)
 Metaspace       used 6412K, capacity 7192K, committed 7424K, reserved 1056768K
  class space    used 608K, capacity 656K, committed 768K, reserved 1048576K
}
Event: 26.247 GC heap before
{Heap before GC invocations=11 (full 1):
 PSYoungGen      total 220160K, used 206797K [0x00000000eab00000, 0x0000000100000000, 0x0000000100000000)
  eden space 185856K, 100% used [0x00000000eab00000,0x00000000f6080000,0x00000000f6080000)
  from space 34304K, 61% used [0x00000000f6080000,0x00000000f74f35c8,0x00000000f8200000)
  to   space 73728K, 0% used [0x00000000fb800000,0x00000000fb800000,0x0000000100000000)
 ParOldGen       total 209920K, used 125064K [0x00000000c0000000, 0x00000000ccd00000, 0x00000000eab00000)
  object space 209920K, 59% used [0x00000000c0000000,0x00000000c7a22038,0x00000000ccd00000)
 Metaspace       used 6425K, capacity 7192K, committed 7424K, reserved 1056768K
  class space    used 610K, capacity 656K, committed 768K, reserved 1048576K
Event: 26.907 GC heap after
Heap after GC invocations=11 (full 1):
 PSYoungGen      total 234496K, used 73705K [0x00000000eab00000, 0x0000000100000000, 0x0000000100000000)
  eden space 160768K, 0% used [0x00000000eab00000,0x00000000eab00000,0x00000000f4800000)
  from space 73728K, 99% used [0x00000000fb800000,0x00000000ffffa4e0,0x0000000100000000)
  to   space 94208K, 0% used [0x00000000f4800000,0x00000000f4800000,0x00000000fa400000)
 ParOldGen       total 209920K, used 145151K [0x00000000c0000000, 0x00000000ccd00000, 0x00000000eab00000)
  object space 209920K, 69% used [0x00000000c0000000,0x00000000c8dbfc08,0x00000000ccd00000)
 Metaspace       used 6425K, capacity 7192K, committed 7424K, reserved 1056768K
  class space    used 610K, capacity 656K, committed 768K, reserved 1048576K
}
Event: 28.046 GC heap before
{Heap before GC invocations=12 (full 1):
 PSYoungGen      total 234496K, used 234473K [0x00000000eab00000, 0x0000000100000000, 0x0000000100000000)
  eden space 160768K, 100% used [0x00000000eab00000,0x00000000f4800000,0x00000000f4800000)
  from space 73728K, 99% used [0x00000000fb800000,0x00000000ffffa4e0,0x0000000100000000)
  to   space 94208K, 0% used [0x00000000f4800000,0x00000000f4800000,0x00000000fa400000)
 ParOldGen       total 209920K, used 145151K [0x00000000c0000000, 0x00000000ccd00000, 0x00000000eab00000)
  object space 209920K, 69% used [0x00000000c0000000,0x00000000c8dbfc08,0x00000000ccd00000)
 Metaspace       used 6426K, capacity 7192K, committed 7424K, reserved 1056768K
  class space    used 610K, capacity 656K, committed 768K, reserved 1048576K

