# JRE version: Java(TM) SE Runtime Environment (8.0_91-b14) (build 1.8.0_91-b14)
# Java VM: Java HotSpot(TM) 64-Bit Server VM (25.91-b14 mixed mode linux-amd64 compressed oops)
Heap:
 PSYoungGen      total 216576K, used 72203K [0x00000000eab00000, 0x0000000100000000, 0x0000000100000000)
  eden space 116736K, 0% used [0x00000000eab00000,0x00000000eab00000,0x00000000f1d00000)
  from space 99840K, 72% used [0x00000000f9e80000,0x00000000fe502ca8,0x0000000100000000)
  to   space 116224K, 0% used [0x00000000f1d00000,0x00000000f1d00000,0x00000000f8e80000)
 ParOldGen       total 262656K, used 243188K [0x00000000c0000000, 0x00000000d0080000, 0x00000000eab00000)
  object space 262656K, 92% used [0x00000000c0000000,0x00000000ced7d1d0,0x00000000d0080000)
 Metaspace       used 6420K, capacity 7192K, committed 7424K, reserved 1056768K
  class space    used 611K, capacity 656K, committed 768K, reserved 1048576K
GC Heap History (10 events):
Event: 21.825 GC heap after
Heap after GC invocations=10 (full 1):
 PSYoungGen      total 212992K, used 52208K [0x00000000eab00000, 0x0000000100000000, 0x0000000100000000)
  eden space 160768K, 0% used [0x00000000eab00000,0x00000000eab00000,0x00000000f4800000)
  from space 52224K, 99% used [0x00000000f4800000,0x00000000f7afc188,0x00000000f7b00000)
  to   space 87040K, 0% used [0x00000000fab00000,0x00000000fab00000,0x0000000100000000)
 ParOldGen       total 147968K, used 146705K [0x00000000c0000000, 0x00000000c9080000, 0x00000000eab00000)
  object space 147968K, 99% used [0x00000000c0000000,0x00000000c8f446a8,0x00000000c9080000)
 Metaspace       used 6120K, capacity 7000K, committed 7168K, reserved 1056768K
  class space    used 610K, capacity 656K, committed 768K, reserved 1048576K
}
Event: 21.825 GC heap before
{Heap before GC invocations=11 (full 2):
 PSYoungGen      total 212992K, used 52208K [0x00000000eab00000, 0x0000000100000000, 0x0000000100000000)
  eden space 160768K, 0% used [0x00000000eab00000,0x00000000eab00000,0x00000000f4800000)
  from space 52224K, 99% used [0x00000000f4800000,0x00000000f7afc188,0x00000000f7b00000)
  to   space 87040K, 0% used [0x00000000fab00000,0x00000000fab00000,0x0000000100000000)
 ParOldGen       total 147968K, used 146705K [0x00000000c0000000, 0x00000000c9080000, 0x00000000eab00000)
  object space 147968K, 99% used [0x00000000c0000000,0x00000000c8f446a8,0x00000000c9080000)
 Metaspace       used 6120K, capacity 7000K, committed 7168K, reserved 1056768K
  class space    used 610K, capacity 656K, committed 768K, reserved 1048576K
Event: 23.809 GC heap after
Heap after GC invocations=11 (full 2):
 PSYoungGen      total 212992K, used 39882K [0x00000000eab00000, 0x0000000100000000, 0x0000000100000000)
  eden space 160768K, 0% used [0x00000000eab00000,0x00000000eab00000,0x00000000f4800000)
  from space 52224K, 76% used [0x00000000f4800000,0x00000000f6ef2868,0x00000000f7b00000)
  to   space 87040K, 0% used [0x00000000fab00000,0x00000000fab00000,0x0000000100000000)
 ParOldGen       total 262656K, used 147805K [0x00000000c0000000, 0x00000000d0080000, 0x00000000eab00000)
  object space 262656K, 56% used [0x00000000c0000000,0x00000000c9057698,0x00000000d0080000)
 Metaspace       used 6120K, capacity 7000K, committed 7168K, reserved 1056768K
  class space    used 610K, capacity 656K, committed 768K, reserved 1048576K
}
Event: 25.637 GC heap before
{Heap before GC invocations=12 (full 2):
 PSYoungGen      total 212992K, used 200650K [0x00000000eab00000, 0x0000000100000000, 0x0000000100000000)
  eden space 160768K, 100% used [0x00000000eab00000,0x00000000f4800000,0x00000000f4800000)
  from space 52224K, 76% used [0x00000000f4800000,0x00000000f6ef2868,0x00000000f7b00000)
  to   space 87040K, 0% used [0x00000000fab00000,0x00000000fab00000,0x0000000100000000)
 ParOldGen       total 262656K, used 147805K [0x00000000c0000000, 0x00000000d0080000, 0x00000000eab00000)
  object space 262656K, 56% used [0x00000000c0000000,0x00000000c9057698,0x00000000d0080000)
 Metaspace       used 6124K, capacity 7000K, committed 7168K, reserved 1056768K
  class space    used 611K, capacity 656K, committed 768K, reserved 1048576K
Event: 26.122 GC heap after
Heap after GC invocations=12 (full 2):
 PSYoungGen      total 236544K, used 79899K [0x00000000eab00000, 0x0000000100000000, 0x0000000100000000)
  eden space 149504K, 0% used [0x00000000eab00000,0x00000000eab00000,0x00000000f3d00000)
  from space 87040K, 91% used [0x00000000fab00000,0x00000000ff906ca8,0x0000000100000000)
  to   space 99840K, 0% used [0x00000000f3d00000,0x00000000f3d00000,0x00000000f9e80000)
 ParOldGen       total 262656K, used 168437K [0x00000000c0000000, 0x00000000d0080000, 0x00000000eab00000)
  object space 262656K, 64% used [0x00000000c0000000,0x00000000ca47d698,0x00000000d0080000)
 Metaspace       used 6124K, capacity 7000K, committed 7168K, reserved 1056768K
  class space    used 611K, capacity 656K, committed 768K, reserved 1048576K
}
Event: 27.431 GC heap before
{Heap before GC invocations=13 (full 2):
 PSYoungGen      total 236544K, used 229403K [0x00000000eab00000, 0x0000000100000000, 0x0000000100000000)
  eden space 149504K, 100% used [0x00000000eab00000,0x00000000f3d00000,0x00000000f3d00000)
  from space 87040K, 91% used [0x00000000fab00000,0x00000000ff906ca8,0x0000000100000000)
  to   space 99840K, 0% used [0x00000000f3d00000,0x00000000f3d00000,0x00000000f9e80000)
 ParOldGen       total 262656K, used 168437K [0x00000000c0000000, 0x00000000d0080000, 0x00000000eab00000)
  object space 262656K, 64% used [0x00000000c0000000,0x00000000ca47d698,0x00000000d0080000)
 Metaspace       used 6155K, capacity 7000K, committed 7168K, reserved 1056768K
  class space    used 611K, capacity 656K, committed 768K, reserved 1048576K
Event: 27.945 GC heap after
Heap after GC invocations=13 (full 2):
 PSYoungGen      total 249344K, used 99810K [0x00000000eab00000, 0x0000000100000000, 0x0000000100000000)
  eden space 149504K, 0% used [0x00000000eab00000,0x00000000eab00000,0x00000000f3d00000)
  from space 99840K, 99% used [0x00000000f3d00000,0x00000000f9e78920,0x00000000f9e80000)
  to   space 99840K, 0% used [0x00000000f9e80000,0x00000000f9e80000,0x0000000100000000)
 ParOldGen       total 262656K, used 175691K [0x00000000c0000000, 0x00000000d0080000, 0x00000000eab00000)
  object space 262656K, 66% used [0x00000000c0000000,0x00000000cab92c78,0x00000000d0080000)
 Metaspace       used 6155K, capacity 7000K, committed 7168K, reserved 1056768K
  class space    used 611K, capacity 656K, committed 768K, reserved 1048576K
}
Event: 34.660 GC heap before
{Heap before GC invocations=14 (full 2):
 PSYoungGen      total 249344K, used 249314K [0x00000000eab00000, 0x0000000100000000, 0x0000000100000000)
  eden space 149504K, 100% used [0x00000000eab00000,0x00000000f3d00000,0x00000000f3d00000)
  from space 99840K, 99% used [0x00000000f3d00000,0x00000000f9e78920,0x00000000f9e80000)
  to   space 99840K, 0% used [0x00000000f9e80000,0x00000000f9e80000,0x0000000100000000)
 ParOldGen       total 262656K, used 175691K [0x00000000c0000000, 0x00000000d0080000, 0x00000000eab00000)
  object space 262656K, 66% used [0x00000000c0000000,0x00000000cab92c78,0x00000000d0080000)
 Metaspace       used 6420K, capacity 7192K, committed 7424K, reserved 1056768K
  class space    used 611K, capacity 656K, committed 768K, reserved 1048576K
Event: 35.536 GC heap after
Heap after GC invocations=14 (full 2):
 PSYoungGen      total 216576K, used 72203K [0x00000000eab00000, 0x0000000100000000, 0x0000000100000000)
  eden space 116736K, 0% used [0x00000000eab00000,0x00000000eab00000,0x00000000f1d00000)
  from space 99840K, 72% used [0x00000000f9e80000,0x00000000fe502ca8,0x0000000100000000)
  to   space 116224K, 0% used [0x00000000f1d00000,0x00000000f1d00000,0x00000000f8e80000)
 ParOldGen       total 262656K, used 243188K [0x00000000c0000000, 0x00000000d0080000, 0x00000000eab00000)
  object space 262656K, 92% used [0x00000000c0000000,0x00000000ced7d1d0,0x00000000d0080000)
 Metaspace       used 6420K, capacity 7192K, committed 7424K, reserved 1056768K
  class space    used 611K, capacity 656K, committed 768K, reserved 1048576K
}
Event: 35.536 GC heap before
{Heap before GC invocations=15 (full 3):
 PSYoungGen      total 216576K, used 72203K [0x00000000eab00000, 0x0000000100000000, 0x0000000100000000)
  eden space 116736K, 0% used [0x00000000eab00000,0x00000000eab00000,0x00000000f1d00000)
  from space 99840K, 72% used [0x00000000f9e80000,0x00000000fe502ca8,0x0000000100000000)
  to   space 116224K, 0% used [0x00000000f1d00000,0x00000000f1d00000,0x00000000f8e80000)
 ParOldGen       total 262656K, used 243188K [0x00000000c0000000, 0x00000000d0080000, 0x00000000eab00000)
  object space 262656K, 92% used [0x00000000c0000000,0x00000000ced7d1d0,0x00000000d0080000)
 Metaspace       used 6420K, capacity 7192K, committed 7424K, reserved 1056768K
  class space    used 611K, capacity 656K, committed 768K, reserved 1048576K

