# JRE version: Java(TM) SE Runtime Environment (8.0_91-b14) (build 1.8.0_91-b14)
# Java VM: Java HotSpot(TM) 64-Bit Server VM (25.91-b14 mixed mode linux-amd64 compressed oops)
Heap:
 PSYoungGen      total 232960K, used 134087K [0x00000000eab00000, 0x0000000100000000, 0x0000000100000000)
  eden space 116736K, 100% used [0x00000000eab00000,0x00000000f1d00000,0x00000000f1d00000)
  from space 116224K, 14% used [0x00000000f8e80000,0x00000000f9f71d10,0x0000000100000000)
  to   space 116224K, 28% used [0x00000000f1d00000,0x00000000f3dced78,0x00000000f8e80000)
 ParOldGen       total 362496K, used 252248K [0x00000000c0000000, 0x00000000d6200000, 0x00000000eab00000)
  object space 362496K, 69% used [0x00000000c0000000,0x00000000cf656348,0x00000000d6200000)
 Metaspace       used 6407K, capacity 7192K, committed 7424K, reserved 1056768K
  class space    used 610K, capacity 656K, committed 768K, reserved 1048576K
GC Heap History (10 events):
Event: 28.397 GC heap after
Heap after GC invocations=13 (full 2):
 PSYoungGen      total 262144K, used 84974K [0x00000000eab00000, 0x0000000100000000, 0x0000000100000000)
  eden space 177152K, 0% used [0x00000000eab00000,0x00000000eab00000,0x00000000f5800000)
  from space 84992K, 99% used [0x00000000f5800000,0x00000000faafb9c0,0x00000000fab00000)
  to   space 87040K, 0% used [0x00000000fab00000,0x00000000fab00000,0x0000000100000000)
 ParOldGen       total 256512K, used 194045K [0x00000000c0000000, 0x00000000cfa80000, 0x00000000eab00000)
  object space 256512K, 75% used [0x00000000c0000000,0x00000000cbd7f588,0x00000000cfa80000)
 Metaspace       used 6369K, capacity 7192K, committed 7424K, reserved 1056768K
  class space    used 610K, capacity 656K, committed 768K, reserved 1048576K
}
Event: 28.847 GC heap before
{Heap before GC invocations=14 (full 2):
 PSYoungGen      total 262144K, used 262126K [0x00000000eab00000, 0x0000000100000000, 0x0000000100000000)
  eden space 177152K, 100% used [0x00000000eab00000,0x00000000f5800000,0x00000000f5800000)
  from space 84992K, 99% used [0x00000000f5800000,0x00000000faafb9c0,0x00000000fab00000)
  to   space 87040K, 0% used [0x00000000fab00000,0x00000000fab00000,0x0000000100000000)
 ParOldGen       total 256512K, used 194045K [0x00000000c0000000, 0x00000000cfa80000, 0x00000000eab00000)
  object space 256512K, 75% used [0x00000000c0000000,0x00000000cbd7f588,0x00000000cfa80000)
 Metaspace       used 6373K, capacity 7192K, committed 7424K, reserved 1056768K
  class space    used 610K, capacity 656K, committed 768K, reserved 1048576K
Event: 29.205 GC heap after
Heap after GC invocations=14 (full 2):
 PSYoungGen      total 203776K, used 87037K [0x00000000eab00000, 0x0000000100000000, 0x0000000100000000)
  eden space 116736K, 0% used [0x00000000eab00000,0x00000000eab00000,0x00000000f1d00000)
  from space 87040K, 99% used [0x00000000fab00000,0x00000000fffff6f8,0x0000000100000000)
  to   space 116224K, 0% used [0x00000000f1d00000,0x00000000f1d00000,0x00000000f8e80000)
 ParOldGen       total 285696K, used 285285K [0x00000000c0000000, 0x00000000d1700000, 0x00000000eab00000)
  object space 285696K, 99% used [0x00000000c0000000,0x00000000d16995d8,0x00000000d1700000)
 Metaspace       used 6373K, capacity 7192K, committed 7424K, reserved 1056768K
  class space    used 610K, capacity 656K, committed 768K, reserved 1048576K
}
Event: 29.205 GC heap before
{Heap before GC invocations=15 (full 3):
 PSYoungGen      total 203776K, used 87037K [0x00000000eab00000, 0x0000000100000000, 0x0000000100000000)
  eden space 116736K, 0% used [0x00000000eab00000,0x00000000eab00000,0x00000000f1d00000)
  from space 87040K, 99% used [0x00000000fab00000,0x00000000fffff6f8,0x0000000100000000)
  to   space 116224K, 0% used [0x00000000f1d00000,0x00000000f1d00000,0x00000000f8e80000)
 ParOldGen       total 285696K, used 285285K [0x00000000c0000000, 0x00000000d1700000, 0x00000000eab00000)
  object space 285696K, 99% used [0x00000000c0000000,0x00000000d16995d8,0x00000000d1700000)
 Metaspace       used 6373K, capacity 7192K, committed 7424K, reserved 1056768K
  class space    used 610K, capacity 656K, committed 768K, reserved 1048576K
Event: 31.457 GC heap after
Heap after GC invocations=15 (full 3):
 PSYoungGen      total 203776K, used 0K [0x00000000eab00000, 0x0000000100000000, 0x0000000100000000)
  eden space 116736K, 0% used [0x00000000eab00000,0x00000000eab00000,0x00000000f1d00000)
  from space 87040K, 0% used [0x00000000fab00000,0x00000000fab00000,0x0000000100000000)
  to   space 116224K, 0% used [0x00000000f1d00000,0x00000000f1d00000,0x00000000f8e80000)
 ParOldGen       total 362496K, used 195174K [0x00000000c0000000, 0x00000000d6200000, 0x00000000eab00000)
  object space 362496K, 53% used [0x00000000c0000000,0x00000000cbe99898,0x00000000d6200000)
 Metaspace       used 6373K, capacity 7192K, committed 7424K, reserved 1056768K
  class space    used 610K, capacity 656K, committed 768K, reserved 1048576K
}
Event: 32.038 GC heap before
{Heap before GC invocations=16 (full 3):
 PSYoungGen      total 203776K, used 116736K [0x00000000eab00000, 0x0000000100000000, 0x0000000100000000)
  eden space 116736K, 100% used [0x00000000eab00000,0x00000000f1d00000,0x00000000f1d00000)
  from space 87040K, 0% used [0x00000000fab00000,0x00000000fab00000,0x0000000100000000)
  to   space 116224K, 0% used [0x00000000f1d00000,0x00000000f1d00000,0x00000000f8e80000)
 ParOldGen       total 362496K, used 195174K [0x00000000c0000000, 0x00000000d6200000, 0x00000000eab00000)
  object space 362496K, 53% used [0x00000000c0000000,0x00000000cbe99898,0x00000000d6200000)
 Metaspace       used 6378K, capacity 7192K, committed 7424K, reserved 1056768K
  class space    used 610K, capacity 656K, committed 768K, reserved 1048576K
Event: 32.186 GC heap after
Heap after GC invocations=16 (full 3):
 PSYoungGen      total 232960K, used 46680K [0x00000000eab00000, 0x0000000100000000, 0x0000000100000000)
  eden space 116736K, 0% used [0x00000000eab00000,0x00000000eab00000,0x00000000f1d00000)
  from space 116224K, 40% used [0x00000000f1d00000,0x00000000f4a962f8,0x00000000f8e80000)
  to   space 116224K, 0% used [0x00000000f8e80000,0x00000000f8e80000,0x0000000100000000)
 ParOldGen       total 362496K, used 195174K [0x00000000c0000000, 0x00000000d6200000, 0x00000000eab00000)
  object space 362496K, 53% used [0x00000000c0000000,0x00000000cbe99898,0x00000000d6200000)
 Metaspace       used 6378K, capacity 7192K, committed 7424K, reserved 1056768K
  class space    used 610K, capacity 656K, committed 768K, reserved 1048576K
}
Event: 33.185 GC heap before
{Heap before GC invocations=17 (full 3):
 PSYoungGen      total 232960K, used 163416K [0x00000000eab00000, 0x0000000100000000, 0x0000000100000000)
  eden space 116736K, 100% used [0x00000000eab00000,0x00000000f1d00000,0x00000000f1d00000)
  from space 116224K, 40% used [0x00000000f1d00000,0x00000000f4a962f8,0x00000000f8e80000)
  to   space 116224K, 0% used [0x00000000f8e80000,0x00000000f8e80000,0x0000000100000000)
 ParOldGen       total 362496K, used 195174K [0x00000000c0000000, 0x00000000d6200000, 0x00000000eab00000)
  object space 362496K, 53% used [0x00000000c0000000,0x00000000cbe99898,0x00000000d6200000)
 Metaspace       used 6396K, capacity 7192K, committed 7424K, reserved 1056768K
  class space    used 610K, capacity 656K, committed 768K, reserved 1048576K
Event: 33.483 GC heap after
Heap after GC invocations=17 (full 3):
 PSYoungGen      total 232960K, used 17351K [0x00000000eab00000, 0x0000000100000000, 0x0000000100000000)
  eden space 116736K, 0% used [0x00000000eab00000,0x00000000eab00000,0x00000000f1d00000)
  from space 116224K, 14% used [0x00000000f8e80000,0x00000000f9f71d10,0x0000000100000000)
  to   space 116224K, 0% used [0x00000000f1d00000,0x00000000f1d00000,0x00000000f8e80000)
 ParOldGen       total 362496K, used 240901K [0x00000000c0000000, 0x00000000d6200000, 0x00000000eab00000)
  object space 362496K, 66% used [0x00000000c0000000,0x00000000ceb417d0,0x00000000d6200000)
 Metaspace       used 6396K, capacity 7192K, committed 7424K, reserved 1056768K
  class space    used 610K, capacity 656K, committed 768K, reserved 1048576K
}
Event: 34.819 GC heap before
{Heap before GC invocations=18 (full 3):
 PSYoungGen      total 232960K, used 134087K [0x00000000eab00000, 0x0000000100000000, 0x0000000100000000)
  eden space 116736K, 100% used [0x00000000eab00000,0x00000000f1d00000,0x00000000f1d00000)
  from space 116224K, 14% used [0x00000000f8e80000,0x00000000f9f71d10,0x0000000100000000)
  to   space 116224K, 0% used [0x00000000f1d00000,0x00000000f1d00000,0x00000000f8e80000)
 ParOldGen       total 362496K, used 240901K [0x00000000c0000000, 0x00000000d6200000, 0x00000000eab00000)
  object space 362496K, 66% used [0x00000000c0000000,0x00000000ceb417d0,0x00000000d6200000)
 Metaspace       used 6407K, capacity 7192K, committed 7424K, reserved 1056768K
  class space    used 610K, capacity 656K, committed 768K, reserved 1048576K

