# JRE version: Java(TM) SE Runtime Environment (8.0_91-b14) (build 1.8.0_91-b14)
# Java VM: Java HotSpot(TM) 64-Bit Server VM (25.91-b14 mixed mode linux-amd64 compressed oops)
Heap:
 PSYoungGen      total 244224K, used 112306K [0x00000000eab00000, 0x00000000fde00000, 0x0000000100000000)
  eden space 206848K, 40% used [0x00000000eab00000,0x00000000efd69228,0x00000000f7500000)
  from space 37376K, 74% used [0x00000000fb980000,0x00000000fd4c3618,0x00000000fde00000)
  to   space 53760K, 0% used [0x00000000f7500000,0x00000000f7500000,0x00000000fa980000)
 ParOldGen       total 153600K, used 69939K [0x00000000c0000000, 0x00000000c9600000, 0x00000000eab00000)
  object space 153600K, 45% used [0x00000000c0000000,0x00000000c444ceb8,0x00000000c9600000)
 Metaspace       used 6230K, capacity 7216K, committed 7296K, reserved 1056768K
  class space    used 595K, capacity 616K, committed 640K, reserved 1048576K
GC Heap History (10 events):
Event: 9.677 GC heap before
{Heap before GC invocations=6 (full 1):
 PSYoungGen      total 101888K, used 98304K [0x00000000eab00000, 0x00000000f1200000, 0x0000000100000000)
  eden space 98304K, 100% used [0x00000000eab00000,0x00000000f0b00000,0x00000000f0b00000)
  from space 3584K, 0% used [0x00000000f0e80000,0x00000000f0e80000,0x00000000f1200000)
  to   space 3584K, 0% used [0x00000000f0b00000,0x00000000f0b00000,0x00000000f0e80000)
 ParOldGen       total 104448K, used 42852K [0x00000000c0000000, 0x00000000c6600000, 0x00000000eab00000)
  object space 104448K, 41% used [0x00000000c0000000,0x00000000c29d90c0,0x00000000c6600000)
 Metaspace       used 5784K, capacity 6960K, committed 7040K, reserved 1056768K
  class space    used 575K, capacity 616K, committed 640K, reserved 1048576K
Event: 9.859 GC heap after
Heap after GC invocations=6 (full 1):
 PSYoungGen      total 101888K, used 3575K [0x00000000eab00000, 0x00000000f8180000, 0x0000000100000000)
  eden space 98304K, 0% used [0x00000000eab00000,0x00000000eab00000,0x00000000f0b00000)
  from space 3584K, 99% used [0x00000000f0b00000,0x00000000f0e7df90,0x00000000f0e80000)
  to   space 34816K, 0% used [0x00000000f5f80000,0x00000000f5f80000,0x00000000f8180000)
 ParOldGen       total 104448K, used 67096K [0x00000000c0000000, 0x00000000c6600000, 0x00000000eab00000)
  object space 104448K, 64% used [0x00000000c0000000,0x00000000c41860a8,0x00000000c6600000)
 Metaspace       used 5784K, capacity 6960K, committed 7040K, reserved 1056768K
  class space    used 575K, capacity 616K, committed 640K, reserved 1048576K
}
Event: 11.013 GC heap before
{Heap before GC invocations=7 (full 1):
 PSYoungGen      total 101888K, used 101879K [0x00000000eab00000, 0x00000000f8180000, 0x0000000100000000)
  eden space 98304K, 100% used [0x00000000eab00000,0x00000000f0b00000,0x00000000f0b00000)
  from space 3584K, 99% used [0x00000000f0b00000,0x00000000f0e7df90,0x00000000f0e80000)
  to   space 34816K, 0% used [0x00000000f5f80000,0x00000000f5f80000,0x00000000f8180000)
 ParOldGen       total 104448K, used 67096K [0x00000000c0000000, 0x00000000c6600000, 0x00000000eab00000)
  object space 104448K, 64% used [0x00000000c0000000,0x00000000c41860a8,0x00000000c6600000)
 Metaspace       used 5818K, capacity 6960K, committed 7040K, reserved 1056768K
  class space    used 575K, capacity 616K, committed 640K, reserved 1048576K
Event: 11.150 GC heap after
Heap after GC invocations=7 (full 1):
 PSYoungGen      total 174592K, used 34806K [0x00000000eab00000, 0x00000000f9680000, 0x0000000100000000)
  eden space 139776K, 0% used [0x00000000eab00000,0x00000000eab00000,0x00000000f3380000)
  from space 34816K, 99% used [0x00000000f5f80000,0x00000000f817dbc0,0x00000000f8180000)
  to   space 45056K, 0% used [0x00000000f3380000,0x00000000f3380000,0x00000000f5f80000)
 ParOldGen       total 104448K, used 72320K [0x00000000c0000000, 0x00000000c6600000, 0x00000000eab00000)
  object space 104448K, 69% used [0x00000000c0000000,0x00000000c46a00a8,0x00000000c6600000)
 Metaspace       used 5818K, capacity 6960K, committed 7040K, reserved 1056768K
  class space    used 575K, capacity 616K, committed 640K, reserved 1048576K
}
Event: 12.115 GC heap before
{Heap before GC invocations=8 (full 1):
 PSYoungGen      total 174592K, used 174582K [0x00000000eab00000, 0x00000000f9680000, 0x0000000100000000)
  eden space 139776K, 100% used [0x00000000eab00000,0x00000000f3380000,0x00000000f3380000)
  from space 34816K, 99% used [0x00000000f5f80000,0x00000000f817dbc0,0x00000000f8180000)
  to   space 45056K, 0% used [0x00000000f3380000,0x00000000f3380000,0x00000000f5f80000)
 ParOldGen       total 104448K, used 72320K [0x00000000c0000000, 0x00000000c6600000, 0x00000000eab00000)
  object space 104448K, 69% used [0x00000000c0000000,0x00000000c46a00a8,0x00000000c6600000)
 Metaspace       used 5842K, capacity 7024K, committed 7296K, reserved 1056768K
  class space    used 576K, capacity 616K, committed 640K, reserved 1048576K
Event: 12.302 GC heap after
Heap after GC invocations=8 (full 1):
 PSYoungGen      total 184832K, used 45039K [0x00000000eab00000, 0x00000000ff000000, 0x0000000100000000)
  eden space 139776K, 0% used [0x00000000eab00000,0x00000000eab00000,0x00000000f3380000)
  from space 45056K, 99% used [0x00000000f3380000,0x00000000f5f7bc78,0x00000000f5f80000)
  to   space 55808K, 0% used [0x00000000fb980000,0x00000000fb980000,0x00000000ff000000)
 ParOldGen       total 104448K, used 76938K [0x00000000c0000000, 0x00000000c6600000, 0x00000000eab00000)
  object space 104448K, 73% used [0x00000000c0000000,0x00000000c4b22b68,0x00000000c6600000)
 Metaspace       used 5842K, capacity 7024K, committed 7296K, reserved 1056768K
  class space    used 576K, capacity 616K, committed 640K, reserved 1048576K
}
Event: 12.302 GC heap before
{Heap before GC invocations=9 (full 2):
 PSYoungGen      total 184832K, used 45039K [0x00000000eab00000, 0x00000000ff000000, 0x0000000100000000)
  eden space 139776K, 0% used [0x00000000eab00000,0x00000000eab00000,0x00000000f3380000)
  from space 45056K, 99% used [0x00000000f3380000,0x00000000f5f7bc78,0x00000000f5f80000)
  to   space 55808K, 0% used [0x00000000fb980000,0x00000000fb980000,0x00000000ff000000)
 ParOldGen       total 104448K, used 76938K [0x00000000c0000000, 0x00000000c6600000, 0x00000000eab00000)
  object space 104448K, 73% used [0x00000000c0000000,0x00000000c4b22b68,0x00000000c6600000)
 Metaspace       used 5842K, capacity 7024K, committed 7296K, reserved 1056768K
  class space    used 576K, capacity 616K, committed 640K, reserved 1048576K
Event: 12.914 GC heap after
Heap after GC invocations=9 (full 2):
 PSYoungGen      total 184832K, used 0K [0x00000000eab00000, 0x00000000ff000000, 0x0000000100000000)
  eden space 139776K, 0% used [0x00000000eab00000,0x00000000eab00000,0x00000000f3380000)
  from space 45056K, 0% used [0x00000000f3380000,0x00000000f3380000,0x00000000f5f80000)
  to   space 55808K, 0% used [0x00000000fb980000,0x00000000fb980000,0x00000000ff000000)
 ParOldGen       total 153600K, used 69931K [0x00000000c0000000, 0x00000000c9600000, 0x00000000eab00000)
  object space 153600K, 45% used [0x00000000c0000000,0x00000000c444aeb8,0x00000000c9600000)
 Metaspace       used 5842K, capacity 7024K, committed 7296K, reserved 1056768K
  class space    used 576K, capacity 616K, committed 640K, reserved 1048576K
}
Event: 13.544 GC heap before
{Heap before GC invocations=10 (full 2):
 PSYoungGen      total 184832K, used 139776K [0x00000000eab00000, 0x00000000ff000000, 0x0000000100000000)
  eden space 139776K, 100% used [0x00000000eab00000,0x00000000f3380000,0x00000000f3380000)
  from space 45056K, 0% used [0x00000000f3380000,0x00000000f3380000,0x00000000f5f80000)
  to   space 55808K, 0% used [0x00000000fb980000,0x00000000fb980000,0x00000000ff000000)
 ParOldGen       total 153600K, used 69931K [0x00000000c0000000, 0x00000000c9600000, 0x00000000eab00000)
  object space 153600K, 45% used [0x00000000c0000000,0x00000000c444aeb8,0x00000000c9600000)
 Metaspace       used 6037K, capacity 7152K, committed 7296K, reserved 1056768K
  class space    used 578K, capacity 616K, committed 640K, reserved 1048576K
Event: 13.591 GC heap after
Heap after GC invocations=10 (full 2):
 PSYoungGen      total 244224K, used 27917K [0x00000000eab00000, 0x00000000fde00000, 0x0000000100000000)
  eden space 206848K, 0% used [0x00000000eab00000,0x00000000eab00000,0x00000000f7500000)
  from space 37376K, 74% used [0x00000000fb980000,0x00000000fd4c3618,0x00000000fde00000)
  to   space 53760K, 0% used [0x00000000f7500000,0x00000000f7500000,0x00000000fa980000)
 ParOldGen       total 153600K, used 69939K [0x00000000c0000000, 0x00000000c9600000, 0x00000000eab00000)
  object space 153600K, 45% used [0x00000000c0000000,0x00000000c444ceb8,0x00000000c9600000)
 Metaspace       used 6037K, capacity 7152K, committed 7296K, reserved 1056768K
  class space    used 578K, capacity 616K, committed 640K, reserved 1048576K
}

