# JRE version: Java(TM) SE Runtime Environment (8.0_91-b14) (build 1.8.0_91-b14)
# Java VM: Java HotSpot(TM) 64-Bit Server VM (25.91-b14 mixed mode linux-amd64 compressed oops)
Heap:
 PSYoungGen      total 220672K, used 85456K [0x00000000eab00000, 0x0000000100000000, 0x0000000100000000)
  eden space 116736K, 0% used [0x00000000eab00000,0x00000000eab00000,0x00000000f1d00000)
  from space 103936K, 82% used [0x00000000f9a80000,0x00000000fedf4358,0x0000000100000000)
  to   space 116224K, 0% used [0x00000000f1d00000,0x00000000f1d00000,0x00000000f8e80000)
 ParOldGen       total 323584K, used 323256K [0x00000000c0000000, 0x00000000d3c00000, 0x00000000eab00000)
  object space 323584K, 99% used [0x00000000c0000000,0x00000000d3bae330,0x00000000d3c00000)
 Metaspace       used 6448K, capacity 7256K, committed 7424K, reserved 1056768K
  class space    used 609K, capacity 656K, committed 768K, reserved 1048576K
GC Heap History (10 events):
Event: 28.998 GC heap after
Heap after GC invocations=12 (full 2):
 PSYoungGen      total 224768K, used 22943K [0x00000000eab00000, 0x0000000100000000, 0x0000000100000000)
  eden space 156672K, 0% used [0x00000000eab00000,0x00000000eab00000,0x00000000f4400000)
  from space 68096K, 33% used [0x00000000fbd80000,0x00000000fd3e7d00,0x0000000100000000)
  to   space 96256K, 0% used [0x00000000f4400000,0x00000000f4400000,0x00000000fa200000)
 ParOldGen       total 314368K, used 192678K [0x00000000c0000000, 0x00000000d3300000, 0x00000000eab00000)
  object space 314368K, 61% used [0x00000000c0000000,0x00000000cbc29b58,0x00000000d3300000)
 Metaspace       used 6440K, capacity 7192K, committed 7424K, reserved 1056768K
  class space    used 609K, capacity 656K, committed 768K, reserved 1048576K
}
Event: 30.125 GC heap before
{Heap before GC invocations=13 (full 2):
 PSYoungGen      total 224768K, used 179615K [0x00000000eab00000, 0x0000000100000000, 0x0000000100000000)
  eden space 156672K, 100% used [0x00000000eab00000,0x00000000f4400000,0x00000000f4400000)
  from space 68096K, 33% used [0x00000000fbd80000,0x00000000fd3e7d00,0x0000000100000000)
  to   space 96256K, 0% used [0x00000000f4400000,0x00000000f4400000,0x00000000fa200000)
 ParOldGen       total 314368K, used 192678K [0x00000000c0000000, 0x00000000d3300000, 0x00000000eab00000)
  object space 314368K, 61% used [0x00000000c0000000,0x00000000cbc29b58,0x00000000d3300000)
 Metaspace       used 6440K, capacity 7192K, committed 7424K, reserved 1056768K
  class space    used 609K, capacity 656K, committed 768K, reserved 1048576K
Event: 30.486 GC heap after
Heap after GC invocations=13 (full 2):
 PSYoungGen      total 252928K, used 29793K [0x00000000eab00000, 0x0000000100000000, 0x0000000100000000)
  eden space 156672K, 0% used [0x00000000eab00000,0x00000000eab00000,0x00000000f4400000)
  from space 96256K, 30% used [0x00000000f4400000,0x00000000f6118500,0x00000000fa200000)
  to   space 90112K, 0% used [0x00000000fa800000,0x00000000fa800000,0x0000000100000000)
 ParOldGen       total 314368K, used 216878K [0x00000000c0000000, 0x00000000d3300000, 0x00000000eab00000)
  object space 314368K, 68% used [0x00000000c0000000,0x00000000cd3cbb58,0x00000000d3300000)
 Metaspace       used 6440K, capacity 7192K, committed 7424K, reserved 1056768K
  class space    used 609K, capacity 656K, committed 768K, reserved 1048576K
}
Event: 35.402 GC heap before
{Heap before GC invocations=14 (full 2):
 PSYoungGen      total 252928K, used 186465K [0x00000000eab00000, 0x0000000100000000, 0x0000000100000000)
  eden space 156672K, 100% used [0x00000000eab00000,0x00000000f4400000,0x00000000f4400000)
  from space 96256K, 30% used [0x00000000f4400000,0x00000000f6118500,0x00000000fa200000)
  to   space 90112K, 0% used [0x00000000fa800000,0x00000000fa800000,0x0000000100000000)
 ParOldGen       total 314368K, used 216878K [0x00000000c0000000, 0x00000000d3300000, 0x00000000eab00000)
  object space 314368K, 68% used [0x00000000c0000000,0x00000000cd3cbb58,0x00000000d3300000)
 Metaspace       used 6445K, capacity 7256K, committed 7424K, reserved 1056768K
  class space    used 609K, capacity 656K, committed 768K, reserved 1048576K
Event: 35.847 GC heap after
Heap after GC invocations=14 (full 2):
 PSYoungGen      total 231424K, used 85627K [0x00000000eab00000, 0x0000000100000000, 0x0000000100000000)
  eden space 141312K, 0% used [0x00000000eab00000,0x00000000eab00000,0x00000000f3500000)
  from space 90112K, 95% used [0x00000000fa800000,0x00000000ffb9ed48,0x0000000100000000)
  to   space 103936K, 0% used [0x00000000f3500000,0x00000000f3500000,0x00000000f9a80000)
 ParOldGen       total 314368K, used 216878K [0x00000000c0000000, 0x00000000d3300000, 0x00000000eab00000)
  object space 314368K, 68% used [0x00000000c0000000,0x00000000cd3cbb58,0x00000000d3300000)
 Metaspace       used 6445K, capacity 7256K, committed 7424K, reserved 1056768K
  class space    used 609K, capacity 656K, committed 768K, reserved 1048576K
}
Event: 37.365 GC heap before
{Heap before GC invocations=15 (full 2):
 PSYoungGen      total 231424K, used 226939K [0x00000000eab00000, 0x0000000100000000, 0x0000000100000000)
  eden space 141312K, 100% used [0x00000000eab00000,0x00000000f3500000,0x00000000f3500000)
  from space 90112K, 95% used [0x00000000fa800000,0x00000000ffb9ed48,0x0000000100000000)
  to   space 103936K, 0% used [0x00000000f3500000,0x00000000f3500000,0x00000000f9a80000)
 ParOldGen       total 314368K, used 216878K [0x00000000c0000000, 0x00000000d3300000, 0x00000000eab00000)
  object space 314368K, 68% used [0x00000000c0000000,0x00000000cd3cbb58,0x00000000d3300000)
 Metaspace       used 6448K, capacity 7256K, committed 7424K, reserved 1056768K
  class space    used 609K, capacity 656K, committed 768K, reserved 1048576K
Event: 38.066 GC heap after
Heap after GC invocations=15 (full 2):
 PSYoungGen      total 245248K, used 103912K [0x00000000eab00000, 0x0000000100000000, 0x0000000100000000)
  eden space 141312K, 0% used [0x00000000eab00000,0x00000000eab00000,0x00000000f3500000)
  from space 103936K, 99% used [0x00000000f3500000,0x00000000f9a7a2f8,0x00000000f9a80000)
  to   space 103936K, 0% used [0x00000000f9a80000,0x00000000f9a80000,0x0000000100000000)
 ParOldGen       total 314368K, used 259261K [0x00000000c0000000, 0x00000000d3300000, 0x00000000eab00000)
  object space 314368K, 82% used [0x00000000c0000000,0x00000000cfd2f5d8,0x00000000d3300000)
 Metaspace       used 6448K, capacity 7256K, committed 7424K, reserved 1056768K
  class space    used 609K, capacity 656K, committed 768K, reserved 1048576K
}
Event: 39.843 GC heap before
{Heap before GC invocations=16 (full 2):
 PSYoungGen      total 245248K, used 245224K [0x00000000eab00000, 0x0000000100000000, 0x0000000100000000)
  eden space 141312K, 100% used [0x00000000eab00000,0x00000000f3500000,0x00000000f3500000)
  from space 103936K, 99% used [0x00000000f3500000,0x00000000f9a7a2f8,0x00000000f9a80000)
  to   space 103936K, 0% used [0x00000000f9a80000,0x00000000f9a80000,0x0000000100000000)
 ParOldGen       total 314368K, used 259261K [0x00000000c0000000, 0x00000000d3300000, 0x00000000eab00000)
  object space 314368K, 82% used [0x00000000c0000000,0x00000000cfd2f5d8,0x00000000d3300000)
 Metaspace       used 6448K, capacity 7256K, committed 7424K, reserved 1056768K
  class space    used 609K, capacity 656K, committed 768K, reserved 1048576K
Event: 40.848 GC heap after
Heap after GC invocations=16 (full 2):
 PSYoungGen      total 220672K, used 85456K [0x00000000eab00000, 0x0000000100000000, 0x0000000100000000)
  eden space 116736K, 0% used [0x00000000eab00000,0x00000000eab00000,0x00000000f1d00000)
  from space 103936K, 82% used [0x00000000f9a80000,0x00000000fedf4358,0x0000000100000000)
  to   space 116224K, 0% used [0x00000000f1d00000,0x00000000f1d00000,0x00000000f8e80000)
 ParOldGen       total 323584K, used 323256K [0x00000000c0000000, 0x00000000d3c00000, 0x00000000eab00000)
  object space 323584K, 99% used [0x00000000c0000000,0x00000000d3bae330,0x00000000d3c00000)
 Metaspace       used 6448K, capacity 7256K, committed 7424K, reserved 1056768K
  class space    used 609K, capacity 656K, committed 768K, reserved 1048576K
}
Event: 40.848 GC heap before
{Heap before GC invocations=17 (full 3):
 PSYoungGen      total 220672K, used 85456K [0x00000000eab00000, 0x0000000100000000, 0x0000000100000000)
  eden space 116736K, 0% used [0x00000000eab00000,0x00000000eab00000,0x00000000f1d00000)
  from space 103936K, 82% used [0x00000000f9a80000,0x00000000fedf4358,0x0000000100000000)
  to   space 116224K, 0% used [0x00000000f1d00000,0x00000000f1d00000,0x00000000f8e80000)
 ParOldGen       total 323584K, used 323256K [0x00000000c0000000, 0x00000000d3c00000, 0x00000000eab00000)
  object space 323584K, 99% used [0x00000000c0000000,0x00000000d3bae330,0x00000000d3c00000)
 Metaspace       used 6448K, capacity 7256K, committed 7424K, reserved 1056768K
  class space    used 609K, capacity 656K, committed 768K, reserved 1048576K

